#
# There is insufficient memory for the Java Runtime Environment to continue.
# Native memory allocation (mmap) failed to map 101711872 bytes for Failed to commit area from 0x0000000097600000 to 0x000000009d700000 of length 101711872.
# Possible reasons:
#   The system is out of physical RAM or swap space
#   The process is running with CompressedOops enabled, and the Java Heap may be blocking the growth of the native heap
# Possible solutions:
#   Reduce memory load on the system
#   Increase physical memory or swap space
#   Check if swap backing store is full
#   Decrease Java heap size (-Xmx/-Xms)
#   Decrease number of Java threads
#   Decrease Java thread stack sizes (-Xss)
#   Set larger code cache with -XX:ReservedCodeCacheSize=
#   JVM is running with Unscaled Compressed Oops mode in which the Java heap is
#     placed in the first 4GB address space. The Java Heap base address is the
#     maximum limit for the native heap growth. Please use -XX:HeapBaseMinAddress
#     to set the Java Heap base and to place the Java Heap above 4GB virtual address.
# This output file may be truncated or incomplete.
#
#  Out of Memory Error (t:/workspace/hotspot/src/os/windows/vm/os_windows.cpp:3357), pid=17172, tid=988
#
# JRE version: Java(TM) SE Runtime Environment (9.0+11) (build 9.0.4+11)
# Java VM: Java HotSpot(TM) 64-Bit Server VM (9.0.4+11, mixed mode, tiered, compressed oops, g1 gc, windows-amd64)
# No core dump will be written. Minidumps are not enabled by default on client versions of Windows
#

---------------  S U M M A R Y ------------

Command Line: -Dmaven.multiModuleProjectDirectory=D:\IdeaProjects\pyg-parent\pyg-search-web -DarchetypeCatalog=internal -Dmaven.home=D:\Maven\apache-maven-3.5.2 -Dclassworlds.conf=D:\Maven\apache-maven-3.5.2\bin\m2.conf -javaagent:C:\Program Files\JetBrains\IntelliJ IDEA 2017.3.4\lib\idea_rt.jar=59296:C:\Program Files\JetBrains\IntelliJ IDEA 2017.3.4\bin -Dfile.encoding=UTF-8 org.codehaus.classworlds.Launcher -Didea.version=2017.3.4 -s D:\Maven\apache-maven-3.5.2\conf\settings.xml -Dmaven.repo.local=D:\Maven\maven_repository org.apache.tomcat.maven:tomcat7-maven-plugin:2.2:run

Host: Intel(R) Core(TM) i7-8550U CPU @ 1.80GHz, 8 cores, 7G,  Windows 10 , 64 bit Build 17134 (10.0.17134.1)
Time: Sun Dec 16 21:59:39 2018 ?D1¨²¡À¨º¡Á?¨º¡À?? elapsed time: 127 seconds (0d 0h 2m 7s)

---------------  T H R E A D  ---------------

Current thread (0x0000024c69dbc000):  VMThread "VM Thread" [stack: 0x000000eb0d600000,0x000000eb0d700000] [id=988]

Stack: [0x000000eb0d600000,0x000000eb0d700000]
[error occurred during error reporting (printing stack bounds), id 0xe0000002]

Native frames: (J=compiled Java code, j=interpreted, Vv=VM code, C=native code)
V  [jvm.dll+0x587068]
V  [jvm.dll+0x69c25e]
V  [jvm.dll+0x69d17a]
V  [jvm.dll+0x69cd05]
V  [jvm.dll+0x69d71b]
V  [jvm.dll+0x5868c6]
V  [jvm.dll+0x586c98]
C  [ntdll.dll+0x9f7dd]
C  [ntdll.dll+0xd856]
C  [ntdll.dll+0x9e70e]
C  0x0000024c52110e2a

VM_Operation (0x000000eb104fd6a0): CollectForMetadataAllocation, mode: safepoint, requested by thread 0x0000024c6d099000


---------------  P R O C E S S  ---------------

Java Threads: ( => current thread )
  0x0000024c6b549000 JavaThread "DubboClientHandler-192.168.15.58:20884-thread-2" daemon [_thread_blocked, id=8932, stack(0x000000eb0be00000,0x000000eb0bf00000)]
  0x0000024c6b54c800 JavaThread "dubbo-remoting-client-heartbeat-thread-2" daemon [_thread_blocked, id=11784, stack(0x000000eb0bd00000,0x000000eb0be00000)]
  0x0000024c6b54d800 JavaThread "DubboResponseTimeoutScanTimer" daemon [_thread_blocked, id=1644, stack(0x000000eb10900000,0x000000eb10a00000)]
  0x0000024c6b54c000 JavaThread "http-bio-9104-exec-10" daemon [_thread_blocked, id=924, stack(0x000000eb10800000,0x000000eb10900000)]
  0x0000024c6b54e000 JavaThread "http-bio-9104-exec-9" daemon [_thread_blocked, id=20664, stack(0x000000eb10700000,0x000000eb10800000)]
  0x0000024c6b54f800 JavaThread "http-bio-9104-exec-8" daemon [_thread_blocked, id=3176, stack(0x000000eb10600000,0x000000eb10700000)]
  0x0000024c6d0a0800 JavaThread "http-bio-9104-exec-7" daemon [_thread_blocked, id=21216, stack(0x000000eb10500000,0x000000eb10600000)]
  0x0000024c6d099000 JavaThread "http-bio-9104-exec-6" daemon [_thread_blocked, id=14604, stack(0x000000eb10400000,0x000000eb10500000)]
  0x0000024c6d09b000 JavaThread "http-bio-9104-exec-5" daemon [_thread_blocked, id=21156, stack(0x000000eb10300000,0x000000eb10400000)]
  0x0000024c6d099800 JavaThread "http-bio-9104-exec-4" daemon [_thread_blocked, id=21756, stack(0x000000eb10200000,0x000000eb10300000)]
  0x0000024c6d0a0000 JavaThread "http-bio-9104-exec-3" daemon [_thread_blocked, id=16848, stack(0x000000eb10100000,0x000000eb10200000)]
  0x0000024c6d09d000 JavaThread "http-bio-9104-exec-2" daemon [_thread_blocked, id=13176, stack(0x000000eb10000000,0x000000eb10100000)]
  0x0000024c6d09f000 JavaThread "http-bio-9104-exec-1" daemon [_thread_blocked, id=9856, stack(0x000000eb0ff00000,0x000000eb10000000)]
  0x0000024c6d09e800 JavaThread "DubboClientReconnectTimer-thread-2" daemon [_thread_blocked, id=9092, stack(0x000000eb0fe00000,0x000000eb0ff00000)]
  0x0000024c6d09d800 JavaThread "http-bio-9104-AsyncTimeout" daemon [_thread_blocked, id=1224, stack(0x000000eb0fd00000,0x000000eb0fe00000)]
  0x0000024c6d09c000 JavaThread "http-bio-9104-Acceptor-0" daemon [_thread_in_native, id=14584, stack(0x000000eb0fc00000,0x000000eb0fd00000)]
  0x0000024c6d09a800 JavaThread "ContainerBackgroundProcessor[StandardEngine[Tomcat]]" daemon [_thread_blocked, id=20136, stack(0x000000eb0fb00000,0x000000eb0fc00000)]
  0x0000024c6d091800 JavaThread "dubbo-remoting-client-heartbeat-thread-1" daemon [_thread_blocked, id=21408, stack(0x000000eb0fa00000,0x000000eb0fb00000)]
  0x0000024c6d095000 JavaThread "Hashed wheel timer #1" [_thread_blocked, id=17948, stack(0x000000eb0f800000,0x000000eb0f900000)]
  0x0000024c6d098000 JavaThread "DubboClientReconnectTimer-thread-1" daemon [_thread_blocked, id=17236, stack(0x000000eb0f700000,0x000000eb0f800000)]
  0x0000024c6d096800 JavaThread "New I/O boss #10" daemon [_thread_in_native, id=23020, stack(0x000000eb0f600000,0x000000eb0f700000)]
  0x0000024c6d096000 JavaThread "New I/O worker #9" daemon [_thread_blocked, id=21676, stack(0x000000eb0f500000,0x000000eb0f600000)]
  0x0000024c6d093800 JavaThread "New I/O worker #8" daemon [_thread_blocked, id=6736, stack(0x000000eb0f400000,0x000000eb0f500000)]
  0x0000024c6d093000 JavaThread "New I/O worker #7" daemon [_thread_blocked, id=18152, stack(0x000000eb0f300000,0x000000eb0f400000)]
  0x0000024c6d094800 JavaThread "New I/O worker #6" daemon [_thread_blocked, id=20708, stack(0x000000eb0f200000,0x000000eb0f300000)]
  0x0000024c6d092000 JavaThread "New I/O worker #5" daemon [_thread_blocked, id=22716, stack(0x000000eb0f100000,0x000000eb0f200000)]
  0x0000024c6d1a6000 JavaThread "New I/O worker #4" daemon [_thread_blocked, id=22216, stack(0x000000eb0f000000,0x000000eb0f100000)]
  0x0000024c6d1a4800 JavaThread "New I/O worker #3" daemon [_thread_blocked, id=19616, stack(0x000000eb0ef00000,0x000000eb0f000000)]
  0x0000024c6d1a7800 JavaThread "New I/O worker #2" daemon [_thread_blocked, id=12844, stack(0x000000eb0ee00000,0x000000eb0ef00000)]
  0x0000024c6d1a7000 JavaThread "New I/O worker #1" daemon [_thread_in_native, id=20268, stack(0x000000eb0ed00000,0x000000eb0ee00000)]
  0x0000024c6d1a5800 JavaThread "DubboSaveRegistryCache-thread-1" daemon [_thread_blocked, id=23132, stack(0x000000eb0ec00000,0x000000eb0ed00000)]
  0x0000024c73bf4800 JavaThread "localhost-startStop-1-EventThread" daemon [_thread_blocked, id=832, stack(0x000000eb0ea00000,0x000000eb0eb00000)]
  0x0000024c6e378000 JavaThread "localhost-startStop-1-SendThread(192.168.25.168:2181)" daemon [_thread_in_native, id=15124, stack(0x000000eb0e900000,0x000000eb0ea00000)]
  0x0000024c6eaf1800 JavaThread "ZkClient-EventThread-21-192.168.25.168:2181" daemon [_thread_blocked, id=12048, stack(0x000000eb0e800000,0x000000eb0e900000)]
  0x0000024c72b60800 JavaThread "DubboRegistryFailedRetryTimer-thread-1" daemon [_thread_blocked, id=11220, stack(0x000000eb0e700000,0x000000eb0e800000)]
  0x0000024c6b8ba800 JavaThread "Thread-1" daemon [_thread_in_native, id=23040, stack(0x000000eb0e600000,0x000000eb0e700000)]
  0x0000024c6a194800 JavaThread "Service Thread" daemon [_thread_blocked, id=7588, stack(0x000000eb0e200000,0x000000eb0e300000)]
  0x0000024c6a194000 JavaThread "Monitor Ctrl-Break" daemon [_thread_in_native, id=22748, stack(0x000000eb0e100000,0x000000eb0e200000)]
  0x0000024c6a06e800 JavaThread "Common-Cleaner" daemon [_thread_blocked, id=4296, stack(0x000000eb0e000000,0x000000eb0e100000)]
  0x0000024c69e5f000 JavaThread "Sweeper thread" daemon [_thread_blocked, id=17544, stack(0x000000eb0df00000,0x000000eb0e000000)]
  0x0000024c69e3e000 JavaThread "C1 CompilerThread3" daemon [_thread_blocked, id=18184, stack(0x000000eb0de00000,0x000000eb0df00000)]
  0x0000024c69e3b800 JavaThread "C2 CompilerThread2" daemon [_thread_blocked, id=20276, stack(0x000000eb0dd00000,0x000000eb0de00000)]
  0x0000024c69e30800 JavaThread "C2 CompilerThread1" daemon [_thread_blocked, id=21080, stack(0x000000eb0dc00000,0x000000eb0dd00000)]
  0x0000024c69e30000 JavaThread "C2 CompilerThread0" daemon [_thread_blocked, id=17900, stack(0x000000eb0db00000,0x000000eb0dc00000)]
  0x0000024c69e2b000 JavaThread "Attach Listener" daemon [_thread_blocked, id=14852, stack(0x000000eb0da00000,0x000000eb0db00000)]
  0x0000024c69e2a800 JavaThread "Signal Dispatcher" daemon [_thread_blocked, id=12940, stack(0x000000eb0d900000,0x000000eb0da00000)]
  0x0000024c69dc3800 JavaThread "Finalizer" daemon [_thread_blocked, id=20560, stack(0x000000eb0d800000,0x000000eb0d900000)]
  0x0000024c69dc3000 JavaThread "Reference Handler" daemon [_thread_blocked, id=9080, stack(0x000000eb0d700000,0x000000eb0d800000)]
  0x0000024c45df8000 JavaThread "main" [_thread_blocked, id=12728, stack(0x000000eb0c100000,0x000000eb0c200000)]

Other Threads:
=>0x0000024c69dbc000 VMThread "VM Thread" [stack: 0x000000eb0d600000,0x000000eb0d700000] [id=988]
  0x0000024c6a19b000 WatcherThread [stack: 0x000000eb0e300000,0x000000eb0e400000] [id=21908]
  0x0000024c45e0f000 GCTaskThread "GC Thread#0" [stack: 0x000000eb0c200000,0x000000eb0c300000] [id=9800]
  0x0000024c45e10000 GCTaskThread "GC Thread#1" [stack: 0x000000eb0c300000,0x000000eb0c400000] [id=10628]
  0x0000024c45e12000 GCTaskThread "GC Thread#2" [stack: 0x000000eb0c400000,0x000000eb0c500000] [id=10264]
  0x0000024c45e15000 GCTaskThread "GC Thread#3" [stack: 0x000000eb0c500000,0x000000eb0c600000] [id=7732]
  0x0000024c45e17800 GCTaskThread "GC Thread#4" [stack: 0x000000eb0c600000,0x000000eb0c700000] [id=23316]
  0x0000024c45e1a800 GCTaskThread "GC Thread#5" [stack: 0x000000eb0c700000,0x000000eb0c800000] [id=10124]
  0x0000024c45e1c800 GCTaskThread "GC Thread#6" [stack: 0x000000eb0c800000,0x000000eb0c900000] [id=11608]
  0x0000024c45e1e800 GCTaskThread "GC Thread#7" [stack: 0x000000eb0c900000,0x000000eb0ca00000] [id=12220]
  0x0000024c66abe800 ConcurrentGCThread "G1 Main Marker" [stack: 0x000000eb0d300000,0x000000eb0d400000] [id=8600]
  0x0000024c66abf000 ConcurrentGCThread "G1 Marker#0" [stack: 0x000000eb0d400000,0x000000eb0d500000] [id=21952]
  0x0000024c66ac0000 ConcurrentGCThread "G1 Marker#1" [stack: 0x000000eb0d500000,0x000000eb0d600000] [id=16692]
  0x0000024c45e34800 ConcurrentGCThread "G1 Refine#0" [stack: 0x000000eb0d100000,0x000000eb0d200000] [id=6360]
  0x0000024c45e37800 ConcurrentGCThread "G1 Refine#1" [stack: 0x000000eb0d000000,0x000000eb0d100000] [id=4444]
  0x0000024c45e36800 ConcurrentGCThread "G1 Refine#2" [stack: 0x000000eb0cf00000,0x000000eb0d000000] [id=13696]
  0x0000024c45e34000 ConcurrentGCThread "G1 Refine#3" [stack: 0x000000eb0ce00000,0x000000eb0cf00000] [id=22924]
  0x0000024c45e39800 ConcurrentGCThread "G1 Refine#4" [stack: 0x000000eb0cd00000,0x000000eb0ce00000] [id=18600]
  0x0000024c45e36000 ConcurrentGCThread "G1 Refine#5" [stack: 0x000000eb0cc00000,0x000000eb0cd00000] [id=380]
  0x0000024c45e38800 ConcurrentGCThread "G1 Refine#6" [stack: 0x000000eb0cb00000,0x000000eb0cc00000] [id=22828]
  0x0000024c45e2d800 ConcurrentGCThread "G1 Refine#7" [stack: 0x000000eb0ca00000,0x000000eb0cb00000] [id=21264]
  0x0000024c45e43000 ConcurrentGCThread "G1 Young RemSet Sampling" [stack: 0x000000eb0d200000,0x000000eb0d300000] [id=600]

Threads with active compile tasks:
C1 CompilerThread37325       3       sun.util.calendar.ZoneInfo::getTransitionIndex (156 bytes)

VM state:at safepoint (normal execution)

VM Mutex/Monitor currently owned by a thread:  ([mutex/lock_event])
[0x0000024c45df2ad0] Threads_lock - owner thread: 0x0000024c69dbc000
[0x0000024c45df40c0] Heap_lock - owner thread: 0x0000024c6d099000

Heap address: 0x0000000081800000, size: 2024 MB, Compressed Oops mode: 32-bit
Narrow klass base: 0x0000000000000000, Narrow klass shift: 3
Compressed class space size: 1073741824 Address: 0x0000000100000000

Heap:
 garbage-first heap   total 457728K, used 95752K [0x0000000081800000, 0x0000000081900df8, 0x0000000100000000)
  region size 1024K, 15 young (15360K), 15 survivors (15360K)
 Metaspace       used 54200K, capacity 55634K, committed 55680K, reserved 1099776K
  class space    used 6018K, capacity 6378K, committed 6400K, reserved 1048576K
Heap Regions: E=young(eden), S=young(survivor), O=old, HS=humongous(starts), HC=humongous(continues), CS=collection set, F=free, A=archive, TS=gc time stamp, AC=allocation context, TAMS=top-at-mark-start (previous, next)
|   0|0x0000000081800000, 0x0000000081900000, 0x0000000081900000|100%| O|  |TS  0|AC  0|TAMS 0x0000000081900000, 0x0000000081900000|
|   1|0x0000000081900000, 0x0000000081a00000, 0x0000000081a00000|100%| O|  |TS  0|AC  0|TAMS 0x0000000081a00000, 0x0000000081a00000|
|   2|0x0000000081a00000, 0x0000000081b00000, 0x0000000081b00000|100%| O|  |TS  0|AC  0|TAMS 0x0000000081b00000, 0x0000000081b00000|
|   3|0x0000000081b00000, 0x0000000081c00000, 0x0000000081c00000|100%| O|  |TS  0|AC  0|TAMS 0x0000000081c00000, 0x0000000081c00000|
|   4|0x0000000081c00000, 0x0000000081d00000, 0x0000000081d00000|100%| O|  |TS  0|AC  0|TAMS 0x0000000081d00000, 0x0000000081d00000|
|   5|0x0000000081d00000, 0x0000000081e00000, 0x0000000081e00000|100%| O|  |TS  0|AC  0|TAMS 0x0000000081e00000, 0x0000000081e00000|
|   6|0x0000000081e00000, 0x0000000081f00000, 0x0000000081f00000|100%| O|  |TS  0|AC  0|TAMS 0x0000000081f00000, 0x0000000081f00000|
|   7|0x0000000081f00000, 0x0000000082000000, 0x0000000082000000|100%| O|  |TS  0|AC  0|TAMS 0x0000000082000000, 0x0000000082000000|
|   8|0x0000000082000000, 0x0000000082100000, 0x0000000082100000|100%| O|  |TS  0|AC  0|TAMS 0x0000000082100000, 0x0000000082100000|
|   9|0x0000000082100000, 0x0000000082200000, 0x0000000082200000|100%| O|  |TS  0|AC  0|TAMS 0x0000000082200000, 0x0000000082200000|
|  10|0x0000000082200000, 0x0000000082300000, 0x0000000082300000|100%| O|  |TS  0|AC  0|TAMS 0x0000000082300000, 0x0000000082300000|
|  11|0x0000000082300000, 0x0000000082400000, 0x0000000082400000|100%| O|  |TS  0|AC  0|TAMS 0x0000000082400000, 0x0000000082400000|
|  12|0x0000000082400000, 0x0000000082500000, 0x0000000082500000|100%| O|  |TS  0|AC  0|TAMS 0x0000000082500000, 0x0000000082500000|
|  13|0x0000000082500000, 0x0000000082600000, 0x0000000082600000|100%| O|  |TS  0|AC  0|TAMS 0x0000000082600000, 0x0000000082600000|
|  14|0x0000000082600000, 0x0000000082700000, 0x0000000082700000|100%| O|  |TS  0|AC  0|TAMS 0x0000000082700000, 0x0000000082700000|
|  15|0x0000000082700000, 0x0000000082800000, 0x0000000082800000|100%| O|  |TS  0|AC  0|TAMS 0x0000000082800000, 0x0000000082800000|
|  16|0x0000000082800000, 0x0000000082900000, 0x0000000082900000|100%| O|  |TS  0|AC  0|TAMS 0x0000000082900000, 0x0000000082900000|
|  17|0x0000000082900000, 0x0000000082a00000, 0x0000000082a00000|100%| O|  |TS  7|AC  0|TAMS 0x0000000082900000, 0x0000000082a00000|
|  18|0x0000000082a00000, 0x0000000082b00000, 0x0000000082b00000|100%| O|  |TS  1|AC  0|TAMS 0x0000000082a00000, 0x0000000082b00000|
|  19|0x0000000082b00000, 0x0000000082c00000, 0x0000000082c00000|100%| O|  |TS  1|AC  0|TAMS 0x0000000082b00000, 0x0000000082c00000|
|  20|0x0000000082c00000, 0x0000000082d00000, 0x0000000082d00000|100%| O|  |TS  1|AC  0|TAMS 0x0000000082c00000, 0x0000000082d00000|
|  21|0x0000000082d00000, 0x0000000082e00000, 0x0000000082e00000|100%| O|  |TS  0|AC  0|TAMS 0x0000000082e00000, 0x0000000082e00000|
|  22|0x0000000082e00000, 0x0000000082f00000, 0x0000000082f00000|100%| O|  |TS  0|AC  0|TAMS 0x0000000082f00000, 0x0000000082f00000|
|  23|0x0000000082f00000, 0x0000000083000000, 0x0000000083000000|100%| O|  |TS  0|AC  0|TAMS 0x0000000083000000, 0x0000000083000000|
|  24|0x0000000083000000, 0x0000000083100000, 0x0000000083100000|100%| O|  |TS  0|AC  0|TAMS 0x0000000083100000, 0x0000000083100000|
|  25|0x0000000083100000, 0x0000000083200000, 0x0000000083200000|100%| O|  |TS  0|AC  0|TAMS 0x0000000083200000, 0x0000000083200000|
|  26|0x0000000083200000, 0x0000000083300000, 0x0000000083300000|100%| O|  |TS  0|AC  0|TAMS 0x0000000083300000, 0x0000000083300000|
|  27|0x0000000083300000, 0x0000000083400000, 0x0000000083400000|100%| O|  |TS  0|AC  0|TAMS 0x0000000083400000, 0x0000000083400000|
|  28|0x0000000083400000, 0x0000000083500000, 0x0000000083500000|100%| O|  |TS  0|AC  0|TAMS 0x0000000083500000, 0x0000000083500000|
|  29|0x0000000083500000, 0x0000000083600000, 0x0000000083600000|100%| O|  |TS  0|AC  0|TAMS 0x0000000083600000, 0x0000000083600000|
|  30|0x0000000083600000, 0x0000000083700000, 0x0000000083700000|100%| O|  |TS  0|AC  0|TAMS 0x0000000083700000, 0x0000000083700000|
|  31|0x0000000083700000, 0x0000000083800000, 0x0000000083800000|100%| O|  |TS  7|AC  0|TAMS 0x0000000083700000, 0x0000000083800000|
|  32|0x0000000083800000, 0x0000000083900000, 0x0000000083900000|100%| O|  |TS  0|AC  0|TAMS 0x0000000083900000, 0x0000000083900000|
|  33|0x0000000083900000, 0x0000000083a00000, 0x0000000083a00000|100%| O|  |TS  7|AC  0|TAMS 0x0000000083900000, 0x0000000083a00000|
|  34|0x0000000083a00000, 0x0000000083b00000, 0x0000000083b00000|100%| O|  |TS  1|AC  0|TAMS 0x0000000083a00000, 0x0000000083b00000|
|  35|0x0000000083b00000, 0x0000000083c00000, 0x0000000083c00000|100%| O|  |TS  7|AC  0|TAMS 0x0000000083b00000, 0x0000000083c00000|
|  36|0x0000000083c00000, 0x0000000083d00000, 0x0000000083d00000|100%| O|  |TS  0|AC  0|TAMS 0x0000000083d00000, 0x0000000083d00000|
|  37|0x0000000083d00000, 0x0000000083e00000, 0x0000000083e00000|100%| O|  |TS  7|AC  0|TAMS 0x0000000083d00000, 0x0000000083e00000|
|  38|0x0000000083e00000, 0x0000000083f00000, 0x0000000083f00000|100%| O|  |TS  3|AC  0|TAMS 0x0000000083e00000, 0x0000000083f00000|
|  39|0x0000000083f00000, 0x0000000084000000, 0x0000000084000000|100%| O|  |TS  0|AC  0|TAMS 0x0000000084000000, 0x0000000084000000|
|  40|0x0000000084000000, 0x0000000084100000, 0x0000000084100000|100%| O|  |TS  7|AC  0|TAMS 0x0000000084000000, 0x0000000084100000|
|  41|0x0000000084100000, 0x0000000084200000, 0x0000000084200000|100%| O|  |TS  3|AC  0|TAMS 0x0000000084100000, 0x0000000084200000|
|  42|0x0000000084200000, 0x0000000084300000, 0x0000000084300000|100%| O|  |TS  0|AC  0|TAMS 0x0000000084300000, 0x0000000084300000|
|  43|0x0000000084300000, 0x0000000084400000, 0x0000000084400000|100%| O|  |TS  7|AC  0|TAMS 0x0000000084300000, 0x0000000084400000|
|  44|0x0000000084400000, 0x0000000084500000, 0x0000000084500000|100%| O|  |TS  3|AC  0|TAMS 0x0000000084400000, 0x0000000084500000|
|  45|0x0000000084500000, 0x0000000084600000, 0x0000000084600000|100%| O|  |TS  7|AC  0|TAMS 0x0000000084500000, 0x0000000084600000|
|  46|0x0000000084600000, 0x0000000084700000, 0x0000000084700000|100%| O|  |TS  0|AC  0|TAMS 0x0000000084700000, 0x0000000084700000|
|  47|0x0000000084700000, 0x0000000084800000, 0x0000000084800000|100%| O|  |TS  3|AC  0|TAMS 0x0000000084700000, 0x0000000084800000|
|  48|0x0000000084800000, 0x0000000084900000, 0x0000000084900000|100%| O|  |TS  3|AC  0|TAMS 0x0000000084800000, 0x0000000084900000|
|  49|0x0000000084900000, 0x0000000084a00000, 0x0000000084a00000|100%| O|  |TS  0|AC  0|TAMS 0x0000000084a00000, 0x0000000084a00000|
|  50|0x0000000084a00000, 0x0000000084b00000, 0x0000000084b00000|100%| O|  |TS  0|AC  0|TAMS 0x0000000084b00000, 0x0000000084b00000|
|  51|0x0000000084b00000, 0x0000000084b28c00, 0x0000000084c00000| 15%| O|  |TS  7|AC  0|TAMS 0x0000000084b00000, 0x0000000084b28c00|
|  52|0x0000000084c00000, 0x0000000084d00000, 0x0000000084d00000|100%| O|  |TS  3|AC  0|TAMS 0x0000000084c00000, 0x0000000084d00000|
|  53|0x0000000084d00000, 0x0000000084e00000, 0x0000000084e00000|100%| O|  |TS  3|AC  0|TAMS 0x0000000084d00000, 0x0000000084e00000|
|  54|0x0000000084e00000, 0x0000000084f00000, 0x0000000084f00000|100%| O|  |TS  0|AC  0|TAMS 0x0000000084f00000, 0x0000000084f00000|
|  55|0x0000000084f00000, 0x0000000084f00000, 0x0000000085000000|  0%| F|  |TS  3|AC  0|TAMS 0x0000000084f00000, 0x0000000084f00000|
|  56|0x0000000085000000, 0x0000000085100000, 0x0000000085100000|100%| O|  |TS  3|AC  0|TAMS 0x0000000085000000, 0x0000000085100000|
|  57|0x0000000085100000, 0x0000000085200000, 0x0000000085200000|100%| O|  |TS  0|AC  0|TAMS 0x0000000085200000, 0x0000000085200000|
|  58|0x0000000085200000, 0x0000000085300000, 0x0000000085300000|100%| O|  |TS  0|AC  0|TAMS 0x0000000085300000, 0x0000000085300000|
|  59|0x0000000085300000, 0x0000000085400000, 0x0000000085400000|100%| O|  |TS  7|AC  0|TAMS 0x0000000085300000, 0x0000000085400000|
|  60|0x0000000085400000, 0x0000000085400000, 0x0000000085500000|  0%| F|  |TS  3|AC  0|TAMS 0x0000000085400000, 0x0000000085400000|
|  61|0x0000000085500000, 0x0000000085600000, 0x0000000085600000|100%| O|  |TS  0|AC  0|TAMS 0x0000000085600000, 0x0000000085600000|
|  62|0x0000000085600000, 0x0000000085600000, 0x0000000085700000|  0%| F|  |TS  3|AC  0|TAMS 0x0000000085600000, 0x0000000085600000|
|  63|0x0000000085700000, 0x0000000085700000, 0x0000000085800000|  0%| F|  |TS  0|AC  0|TAMS 0x0000000085700000, 0x0000000085700000|
|  64|0x0000000085800000, 0x0000000085800000, 0x0000000085900000|  0%| F|  |TS  0|AC  0|TAMS 0x0000000085800000, 0x0000000085800000|
|  65|0x0000000085900000, 0x0000000085a00000, 0x0000000085a00000|100%| O|  |TS  0|AC  0|TAMS 0x0000000085a00000, 0x0000000085a00000|
|  66|0x0000000085a00000, 0x0000000085b00000, 0x0000000085b00000|100%| O|  |TS  0|AC  0|TAMS 0x0000000085b00000, 0x0000000085b00000|
|  67|0x0000000085b00000, 0x0000000085b00000, 0x0000000085c00000|  0%| F|  |TS  0|AC  0|TAMS 0x0000000085b00000, 0x0000000085b00000|
|  68|0x0000000085c00000, 0x0000000085c00000, 0x0000000085d00000|  0%| F|  |TS  3|AC  0|TAMS 0x0000000085c00000, 0x0000000085c00000|
|  69|0x0000000085d00000, 0x0000000085e00000, 0x0000000085e00000|100%| O|  |TS  0|AC  0|TAMS 0x0000000085e00000, 0x0000000085e00000|
|  70|0x0000000085e00000, 0x0000000085e00000, 0x0000000085f00000|  0%| F|  |TS  0|AC  0|TAMS 0x0000000085e00000, 0x0000000085e00000|
|  71|0x0000000085f00000, 0x0000000086000000, 0x0000000086000000|100%| O|  |TS  0|AC  0|TAMS 0x0000000086000000, 0x0000000086000000|
|  72|0x0000000086000000, 0x0000000086100000, 0x0000000086100000|100%| O|  |TS  0|AC  0|TAMS 0x0000000086100000, 0x0000000086100000|
|  73|0x0000000086100000, 0x0000000086100000, 0x0000000086200000|  0%| F|  |TS  3|AC  0|TAMS 0x0000000086100000, 0x0000000086100000|
|  74|0x0000000086200000, 0x0000000086200000, 0x0000000086300000|  0%| F|  |TS  3|AC  0|TAMS 0x0000000086200000, 0x0000000086200000|
|  75|0x0000000086300000, 0x0000000086400000, 0x0000000086400000|100%| O|  |TS  0|AC  0|TAMS 0x0000000086400000, 0x0000000086400000|
|  76|0x0000000086400000, 0x0000000086500000, 0x0000000086500000|100%| O|  |TS  0|AC  0|TAMS 0x0000000086500000, 0x0000000086500000|
|  77|0x0000000086500000, 0x0000000086500000, 0x0000000086600000|  0%| F|  |TS  0|AC  0|TAMS 0x0000000086500000, 0x0000000086500000|
|  78|0x0000000086600000, 0x0000000086600000, 0x0000000086700000|  0%| F|  |TS  0|AC  0|TAMS 0x0000000086600000, 0x0000000086600000|
|  79|0x0000000086700000, 0x0000000086700000, 0x0000000086800000|  0%| F|  |TS  0|AC  0|TAMS 0x0000000086700000, 0x0000000086700000|
|  80|0x0000000086800000, 0x0000000086900000, 0x0000000086900000|100%| O|  |TS  0|AC  0|TAMS 0x0000000086900000, 0x0000000086900000|
|  81|0x0000000086900000, 0x0000000086a00000, 0x0000000086a00000|100%| O|  |TS  0|AC  0|TAMS 0x0000000086a00000, 0x0000000086a00000|
|  82|0x0000000086a00000, 0x0000000086a00000, 0x0000000086b00000|  0%| F|  |TS  3|AC  0|TAMS 0x0000000086a00000, 0x0000000086a00000|
|  83|0x0000000086b00000, 0x0000000086b00000, 0x0000000086c00000|  0%| F|  |TS  0|AC  0|TAMS 0x0000000086b00000, 0x0000000086b00000|
|  84|0x0000000086c00000, 0x0000000086c00000, 0x0000000086d00000|  0%| F|  |TS  0|AC  0|TAMS 0x0000000086c00000, 0x0000000086c00000|
|  85|0x0000000086d00000, 0x0000000086e00000, 0x0000000086e00000|100%| O|  |TS  0|AC  0|TAMS 0x0000000086e00000, 0x0000000086e00000|
|  86|0x0000000086e00000, 0x0000000086f00000, 0x0000000086f00000|100%| O|  |TS  0|AC  0|TAMS 0x0000000086f00000, 0x0000000086f00000|
|  87|0x0000000086f00000, 0x0000000086f00000, 0x0000000087000000|  0%| F|  |TS  0|AC  0|TAMS 0x0000000086f00000, 0x0000000086f00000|
|  88|0x0000000087000000, 0x0000000087000000, 0x0000000087100000|  0%| F|  |TS  0|AC  0|TAMS 0x0000000087000000, 0x0000000087000000|
|  89|0x0000000087100000, 0x0000000087200000, 0x0000000087200000|100%| O|  |TS  0|AC  0|TAMS 0x0000000087200000, 0x0000000087200000|
|  90|0x0000000087200000, 0x0000000087300000, 0x0000000087300000|100%| O|  |TS  0|AC  0|TAMS 0x0000000087300000, 0x0000000087300000|
|  91|0x0000000087300000, 0x0000000087400000, 0x0000000087400000|100%| O|  |TS  0|AC  0|TAMS 0x0000000087400000, 0x0000000087400000|
|  92|0x0000000087400000, 0x0000000087500000, 0x0000000087500000|100%| O|  |TS  0|AC  0|TAMS 0x0000000087500000, 0x0000000087500000|
|  93|0x0000000087500000, 0x0000000087500000, 0x0000000087600000|  0%| F|  |TS  0|AC  0|TAMS 0x0000000087500000, 0x0000000087500000|
|  94|0x0000000087600000, 0x0000000087600000, 0x0000000087700000|  0%| F|  |TS  0|AC  0|TAMS 0x0000000087600000, 0x0000000087600000|
|  95|0x0000000087700000, 0x0000000087800000, 0x0000000087800000|100%| O|  |TS  0|AC  0|TAMS 0x0000000087800000, 0x0000000087800000|
|  96|0x0000000087800000, 0x0000000087800000, 0x0000000087900000|  0%| F|  |TS  3|AC  0|TAMS 0x0000000087800000, 0x0000000087800000|
|  97|0x0000000087900000, 0x0000000087900000, 0x0000000087a00000|  0%| F|  |TS  0|AC  0|TAMS 0x0000000087900000, 0x0000000087900000|
|  98|0x0000000087a00000, 0x0000000087a00000, 0x0000000087b00000|  0%| F|  |TS  0|AC  0|TAMS 0x0000000087a00000, 0x0000000087a00000|
|  99|0x0000000087b00000, 0x0000000087b00000, 0x0000000087c00000|  0%| F|  |TS  0|AC  0|TAMS 0x0000000087b00000, 0x0000000087b00000|
| 100|0x0000000087c00000, 0x0000000087d00000, 0x0000000087d00000|100%| O|  |TS  0|AC  0|TAMS 0x0000000087d00000, 0x0000000087d00000|
| 101|0x0000000087d00000, 0x0000000087e00000, 0x0000000087e00000|100%| O|  |TS  0|AC  0|TAMS 0x0000000087e00000, 0x0000000087e00000|
| 102|0x0000000087e00000, 0x0000000087f00000, 0x0000000087f00000|100%| O|  |TS  0|AC  0|TAMS 0x0000000087f00000, 0x0000000087f00000|
| 103|0x0000000087f00000, 0x0000000088000000, 0x0000000088000000|100%| O|  |TS  1|AC  0|TAMS 0x0000000087f99400, 0x0000000088000000|
| 104|0x0000000088000000, 0x0000000088000000, 0x0000000088100000|  0%| F|  |TS  0|AC  0|TAMS 0x0000000088000000, 0x0000000088000000|
| 105|0x0000000088100000, 0x0000000088100000, 0x0000000088200000|  0%| F|  |TS  0|AC  0|TAMS 0x0000000088100000, 0x0000000088100000|
| 106|0x0000000088200000, 0x0000000088200000, 0x0000000088300000|  0%| F|  |TS  0|AC  0|TAMS 0x0000000088200000, 0x0000000088200000|
| 107|0x0000000088300000, 0x0000000088300000, 0x0000000088400000|  0%| F|  |TS  0|AC  0|TAMS 0x0000000088300000, 0x0000000088300000|
| 108|0x0000000088400000, 0x0000000088400000, 0x0000000088500000|  0%| F|  |TS  0|AC  0|TAMS 0x0000000088400000, 0x0000000088400000|
| 109|0x0000000088500000, 0x0000000088500000, 0x0000000088600000|  0%| F|  |TS  0|AC  0|TAMS 0x0000000088500000, 0x0000000088500000|
| 110|0x0000000088600000, 0x0000000088600000, 0x0000000088700000|  0%| F|  |TS  0|AC  0|TAMS 0x0000000088600000, 0x0000000088600000|
| 111|0x0000000088700000, 0x0000000088700000, 0x0000000088800000|  0%| F|  |TS  0|AC  0|TAMS 0x0000000088700000, 0x0000000088700000|
| 112|0x0000000088800000, 0x0000000088800000, 0x0000000088900000|  0%| F|  |TS  0|AC  0|TAMS 0x0000000088800000, 0x0000000088800000|
| 113|0x0000000088900000, 0x0000000088900000, 0x0000000088a00000|  0%| F|  |TS  0|AC  0|TAMS 0x0000000088900000, 0x0000000088900000|
| 114|0x0000000088a00000, 0x0000000088a00000, 0x0000000088b00000|  0%| F|  |TS  0|AC  0|TAMS 0x0000000088a00000, 0x0000000088a00000|
| 115|0x0000000088b00000, 0x0000000088b00000, 0x0000000088c00000|  0%| F|  |TS  0|AC  0|TAMS 0x0000000088b00000, 0x0000000088b00000|
| 116|0x0000000088c00000, 0x0000000088c00000, 0x0000000088d00000|  0%| F|  |TS  0|AC  0|TAMS 0x0000000088c00000, 0x0000000088c00000|
| 117|0x0000000088d00000, 0x0000000088d00000, 0x0000000088e00000|  0%| F|  |TS  0|AC  0|TAMS 0x0000000088d00000, 0x0000000088d00000|
| 118|0x0000000088e00000, 0x0000000088e00000, 0x0000000088f00000|  0%| F|  |TS  0|AC  0|TAMS 0x0000000088e00000, 0x0000000088e00000|
| 119|0x0000000088f00000, 0x0000000088f00000, 0x0000000089000000|  0%| F|  |TS  0|AC  0|TAMS 0x0000000088f00000, 0x0000000088f00000|
| 120|0x0000000089000000, 0x0000000089000000, 0x0000000089100000|  0%| F|  |TS  0|AC  0|TAMS 0x0000000089000000, 0x0000000089000000|
| 121|0x0000000089100000, 0x0000000089100000, 0x0000000089200000|  0%| F|  |TS  0|AC  0|TAMS 0x0000000089100000, 0x0000000089100000|
| 122|0x0000000089200000, 0x0000000089200000, 0x0000000089300000|  0%| F|  |TS  0|AC  0|TAMS 0x0000000089200000, 0x0000000089200000|
| 123|0x0000000089300000, 0x0000000089300000, 0x0000000089400000|  0%| F|  |TS  0|AC  0|TAMS 0x0000000089300000, 0x0000000089300000|
| 124|0x0000000089400000, 0x0000000089400000, 0x0000000089500000|  0%| F|  |TS  0|AC  0|TAMS 0x0000000089400000, 0x0000000089400000|
| 125|0x0000000089500000, 0x0000000089500000, 0x0000000089600000|  0%| F|  |TS  0|AC  0|TAMS 0x0000000089500000, 0x0000000089500000|
| 126|0x0000000089600000, 0x0000000089600000, 0x0000000089700000|  0%| F|  |TS  0|AC  0|TAMS 0x0000000089600000, 0x0000000089600000|
| 127|0x0000000089700000, 0x0000000089700000, 0x0000000089800000|  0%| F|  |TS  0|AC  0|TAMS 0x0000000089700000, 0x0000000089700000|
| 128|0x0000000089800000, 0x0000000089800000, 0x0000000089900000|  0%| F|  |TS  0|AC  0|TAMS 0x0000000089800000, 0x0000000089800000|
| 129|0x0000000089900000, 0x0000000089900000, 0x0000000089a00000|  0%| F|  |TS  0|AC  0|TAMS 0x0000000089900000, 0x0000000089900000|
| 130|0x0000000089a00000, 0x0000000089a00000, 0x0000000089b00000|  0%| F|  |TS  0|AC  0|TAMS 0x0000000089a00000, 0x0000000089a00000|
| 131|0x0000000089b00000, 0x0000000089b00000, 0x0000000089c00000|  0%| F|  |TS  0|AC  0|TAMS 0x0000000089b00000, 0x0000000089b00000|
| 132|0x0000000089c00000, 0x0000000089c00000, 0x0000000089d00000|  0%| F|  |TS  0|AC  0|TAMS 0x0000000089c00000, 0x0000000089c00000|
| 133|0x0000000089d00000, 0x0000000089d00000, 0x0000000089e00000|  0%| F|  |TS  0|AC  0|TAMS 0x0000000089d00000, 0x0000000089d00000|
| 134|0x0000000089e00000, 0x0000000089e00000, 0x0000000089f00000|  0%| F|  |TS  0|AC  0|TAMS 0x0000000089e00000, 0x0000000089e00000|
| 135|0x0000000089f00000, 0x0000000089f00000, 0x000000008a000000|  0%| F|  |TS  0|AC  0|TAMS 0x0000000089f00000, 0x0000000089f00000|
| 136|0x000000008a000000, 0x000000008a000000, 0x000000008a100000|  0%| F|  |TS  0|AC  0|TAMS 0x000000008a000000, 0x000000008a000000|
| 137|0x000000008a100000, 0x000000008a100000, 0x000000008a200000|  0%| F|  |TS  0|AC  0|TAMS 0x000000008a100000, 0x000000008a100000|
| 138|0x000000008a200000, 0x000000008a200000, 0x000000008a300000|  0%| F|  |TS  0|AC  0|TAMS 0x000000008a200000, 0x000000008a200000|
| 139|0x000000008a300000, 0x000000008a300000, 0x000000008a400000|  0%| F|  |TS  0|AC  0|TAMS 0x000000008a300000, 0x000000008a300000|
| 140|0x000000008a400000, 0x000000008a400000, 0x000000008a500000|  0%| F|  |TS  0|AC  0|TAMS 0x000000008a400000, 0x000000008a400000|
| 141|0x000000008a500000, 0x000000008a500000, 0x000000008a600000|  0%| F|  |TS  0|AC  0|TAMS 0x000000008a500000, 0x000000008a500000|
| 142|0x000000008a600000, 0x000000008a600000, 0x000000008a700000|  0%| F|  |TS  0|AC  0|TAMS 0x000000008a600000, 0x000000008a600000|
| 143|0x000000008a700000, 0x000000008a700000, 0x000000008a800000|  0%| F|  |TS  0|AC  0|TAMS 0x000000008a700000, 0x000000008a700000|
| 144|0x000000008a800000, 0x000000008a800000, 0x000000008a900000|  0%| F|  |TS  0|AC  0|TAMS 0x000000008a800000, 0x000000008a800000|
| 145|0x000000008a900000, 0x000000008a900000, 0x000000008aa00000|  0%| F|  |TS  1|AC  0|TAMS 0x000000008a900000, 0x000000008a900000|
| 146|0x000000008aa00000, 0x000000008aa00000, 0x000000008ab00000|  0%| F|  |TS  1|AC  0|TAMS 0x000000008aa00000, 0x000000008aa00000|
| 147|0x000000008ab00000, 0x000000008ab00000, 0x000000008ac00000|  0%| F|  |TS  1|AC  0|TAMS 0x000000008ab00000, 0x000000008ab00000|
| 148|0x000000008ac00000, 0x000000008ac00000, 0x000000008ad00000|  0%| F|  |TS  1|AC  0|TAMS 0x000000008ac00000, 0x000000008ac00000|
| 149|0x000000008ad00000, 0x000000008ad00000, 0x000000008ae00000|  0%| F|  |TS  1|AC  0|TAMS 0x000000008ad00000, 0x000000008ad00000|
| 150|0x000000008ae00000, 0x000000008ae00000, 0x000000008af00000|  0%| F|  |TS  1|AC  0|TAMS 0x000000008ae00000, 0x000000008ae00000|
| 151|0x000000008af00000, 0x000000008af00000, 0x000000008b000000|  0%| F|  |TS  1|AC  0|TAMS 0x000000008af00000, 0x000000008af00000|
| 152|0x000000008b000000, 0x000000008b000000, 0x000000008b100000|  0%| F|  |TS  0|AC  0|TAMS 0x000000008b000000, 0x000000008b000000|
| 153|0x000000008b100000, 0x000000008b100000, 0x000000008b200000|  0%| F|  |TS  3|AC  0|TAMS 0x000000008b100000, 0x000000008b100000|
| 154|0x000000008b200000, 0x000000008b200000, 0x000000008b300000|  0%| F|  |TS  3|AC  0|TAMS 0x000000008b200000, 0x000000008b200000|
| 155|0x000000008b300000, 0x000000008b300000, 0x000000008b400000|  0%| F|  |TS  3|AC  0|TAMS 0x000000008b300000, 0x000000008b300000|
| 156|0x000000008b400000, 0x000000008b400000, 0x000000008b500000|  0%| F|  |TS  1|AC  0|TAMS 0x000000008b400000, 0x000000008b400000|
| 157|0x000000008b500000, 0x000000008b500000, 0x000000008b600000|  0%| F|  |TS  1|AC  0|TAMS 0x000000008b500000, 0x000000008b500000|
| 158|0x000000008b600000, 0x000000008b600000, 0x000000008b700000|  0%| F|  |TS  1|AC  0|TAMS 0x000000008b600000, 0x000000008b600000|
| 159|0x000000008b700000, 0x000000008b700000, 0x000000008b800000|  0%| F|  |TS  3|AC  0|TAMS 0x000000008b700000, 0x000000008b700000|
| 160|0x000000008b800000, 0x000000008b800000, 0x000000008b900000|  0%| F|  |TS  3|AC  0|TAMS 0x000000008b800000, 0x000000008b800000|
| 161|0x000000008b900000, 0x000000008b900000, 0x000000008ba00000|  0%| F|  |TS  3|AC  0|TAMS 0x000000008b900000, 0x000000008b900000|
| 162|0x000000008ba00000, 0x000000008ba00000, 0x000000008bb00000|  0%| F|  |TS  3|AC  0|TAMS 0x000000008ba00000, 0x000000008ba00000|
| 163|0x000000008bb00000, 0x000000008bb00000, 0x000000008bc00000|  0%| F|  |TS  3|AC  0|TAMS 0x000000008bb00000, 0x000000008bb00000|
| 164|0x000000008bc00000, 0x000000008bc00000, 0x000000008bd00000|  0%| F|  |TS  3|AC  0|TAMS 0x000000008bc00000, 0x000000008bc00000|
| 165|0x000000008bd00000, 0x000000008bd00000, 0x000000008be00000|  0%| F|  |TS  7|AC  0|TAMS 0x000000008bd00000, 0x000000008bd00000|
| 166|0x000000008be00000, 0x000000008be00000, 0x000000008bf00000|  0%| F|  |TS  7|AC  0|TAMS 0x000000008be00000, 0x000000008be00000|
| 167|0x000000008bf00000, 0x000000008bf00000, 0x000000008c000000|  0%| F|  |TS  7|AC  0|TAMS 0x000000008bf00000, 0x000000008bf00000|
| 168|0x000000008c000000, 0x000000008c000000, 0x000000008c100000|  0%| F|  |TS  7|AC  0|TAMS 0x000000008c000000, 0x000000008c000000|
| 169|0x000000008c100000, 0x000000008c100000, 0x000000008c200000|  0%| F|  |TS  7|AC  0|TAMS 0x000000008c100000, 0x000000008c100000|
| 170|0x000000008c200000, 0x000000008c200000, 0x000000008c300000|  0%| F|  |TS  7|AC  0|TAMS 0x000000008c200000, 0x000000008c200000|
| 171|0x000000008c300000, 0x000000008c300000, 0x000000008c400000|  0%| F|  |TS  7|AC  0|TAMS 0x000000008c300000, 0x000000008c300000|
| 172|0x000000008c400000, 0x000000008c400000, 0x000000008c500000|  0%| F|  |TS  7|AC  0|TAMS 0x000000008c400000, 0x000000008c400000|
| 173|0x000000008c500000, 0x000000008c500000, 0x000000008c600000|  0%| F|  |TS  7|AC  0|TAMS 0x000000008c500000, 0x000000008c500000|
| 174|0x000000008c600000, 0x000000008c600000, 0x000000008c700000|  0%| F|  |TS  7|AC  0|TAMS 0x000000008c600000, 0x000000008c600000|
| 175|0x000000008c700000, 0x000000008c700000, 0x000000008c800000|  0%| F|  |TS  7|AC  0|TAMS 0x000000008c700000, 0x000000008c700000|
| 176|0x000000008c800000, 0x000000008c800000, 0x000000008c900000|  0%| F|  |TS  7|AC  0|TAMS 0x000000008c800000, 0x000000008c800000|
| 177|0x000000008c900000, 0x000000008c900000, 0x000000008ca00000|  0%| F|  |TS  7|AC  0|TAMS 0x000000008c900000, 0x000000008c900000|
| 178|0x000000008ca00000, 0x000000008ca00000, 0x000000008cb00000|  0%| F|  |TS  7|AC  0|TAMS 0x000000008ca00000, 0x000000008ca00000|
| 179|0x000000008cb00000, 0x000000008cb00000, 0x000000008cc00000|  0%| F|  |TS  7|AC  0|TAMS 0x000000008cb00000, 0x000000008cb00000|
| 180|0x000000008cc00000, 0x000000008cc00000, 0x000000008cd00000|  0%| F|  |TS  7|AC  0|TAMS 0x000000008cc00000, 0x000000008cc00000|
| 181|0x000000008cd00000, 0x000000008cd00000, 0x000000008ce00000|  0%| F|  |TS  7|AC  0|TAMS 0x000000008cd00000, 0x000000008cd00000|
| 182|0x000000008ce00000, 0x000000008ce00000, 0x000000008cf00000|  0%| F|  |TS  7|AC  0|TAMS 0x000000008ce00000, 0x000000008ce00000|
| 183|0x000000008cf00000, 0x000000008cf00000, 0x000000008d000000|  0%| F|  |TS  7|AC  0|TAMS 0x000000008cf00000, 0x000000008cf00000|
| 184|0x000000008d000000, 0x000000008d000000, 0x000000008d100000|  0%| F|  |TS  7|AC  0|TAMS 0x000000008d000000, 0x000000008d000000|
| 185|0x000000008d100000, 0x000000008d100000, 0x000000008d200000|  0%| F|  |TS  7|AC  0|TAMS 0x000000008d100000, 0x000000008d100000|
| 186|0x000000008d200000, 0x000000008d200000, 0x000000008d300000|  0%| F|  |TS  5|AC  0|TAMS 0x000000008d200000, 0x000000008d200000|
| 187|0x000000008d300000, 0x000000008d300000, 0x000000008d400000|  0%| F|  |TS  5|AC  0|TAMS 0x000000008d300000, 0x000000008d300000|
| 188|0x000000008d400000, 0x000000008d400000, 0x000000008d500000|  0%| F|  |TS  5|AC  0|TAMS 0x000000008d400000, 0x000000008d400000|
| 189|0x000000008d500000, 0x000000008d500000, 0x000000008d600000|  0%| F|  |TS  5|AC  0|TAMS 0x000000008d500000, 0x000000008d500000|
| 190|0x000000008d600000, 0x000000008d600000, 0x000000008d700000|  0%| F|  |TS  5|AC  0|TAMS 0x000000008d600000, 0x000000008d600000|
| 191|0x000000008d700000, 0x000000008d700000, 0x000000008d800000|  0%| F|  |TS  5|AC  0|TAMS 0x000000008d700000, 0x000000008d700000|
| 192|0x000000008d800000, 0x000000008d800000, 0x000000008d900000|  0%| F|  |TS  5|AC  0|TAMS 0x000000008d800000, 0x000000008d800000|
| 193|0x000000008d900000, 0x000000008d959458, 0x000000008da00000| 34%| S|CS|TS  7|AC  0|TAMS 0x000000008d900000, 0x000000008d900000|
| 194|0x000000008da00000, 0x000000008db00000, 0x000000008db00000|100%| S|CS|TS  7|AC  0|TAMS 0x000000008da00000, 0x000000008da00000|
| 195|0x000000008db00000, 0x000000008dc00000, 0x000000008dc00000|100%| S|CS|TS  7|AC  0|TAMS 0x000000008db00000, 0x000000008db00000|
| 196|0x000000008dc00000, 0x000000008dd00000, 0x000000008dd00000|100%| S|CS|TS  7|AC  0|TAMS 0x000000008dc00000, 0x000000008dc00000|
| 197|0x000000008dd00000, 0x000000008de00000, 0x000000008de00000|100%| S|CS|TS  7|AC  0|TAMS 0x000000008dd00000, 0x000000008dd00000|
| 198|0x000000008de00000, 0x000000008df00000, 0x000000008df00000|100%| S|CS|TS  7|AC  0|TAMS 0x000000008de00000, 0x000000008de00000|
| 199|0x000000008df00000, 0x000000008e000000, 0x000000008e000000|100%| S|CS|TS  7|AC  0|TAMS 0x000000008df00000, 0x000000008df00000|
| 200|0x000000008e000000, 0x000000008e100000, 0x000000008e100000|100%| S|CS|TS  7|AC  0|TAMS 0x000000008e000000, 0x000000008e000000|
| 201|0x000000008e100000, 0x000000008e200000, 0x000000008e200000|100%| S|CS|TS  7|AC  0|TAMS 0x000000008e100000, 0x000000008e100000|
| 202|0x000000008e200000, 0x000000008e300000, 0x000000008e300000|100%| S|CS|TS  7|AC  0|TAMS 0x000000008e200000, 0x000000008e200000|
| 203|0x000000008e300000, 0x000000008e400000, 0x000000008e400000|100%| S|CS|TS  7|AC  0|TAMS 0x000000008e300000, 0x000000008e300000|
| 204|0x000000008e400000, 0x000000008e500000, 0x000000008e500000|100%| S|CS|TS  7|AC  0|TAMS 0x000000008e400000, 0x000000008e400000|
| 205|0x000000008e500000, 0x000000008e600000, 0x000000008e600000|100%| S|CS|TS  7|AC  0|TAMS 0x000000008e500000, 0x000000008e500000|
| 206|0x000000008e600000, 0x000000008e700000, 0x000000008e700000|100%| S|CS|TS  7|AC  0|TAMS 0x000000008e600000, 0x000000008e600000|
| 207|0x000000008e700000, 0x000000008e800000, 0x000000008e800000|100%| S|CS|TS  7|AC  0|TAMS 0x000000008e700000, 0x000000008e700000|
| 208|0x000000008e800000, 0x000000008e800000, 0x000000008e900000|  0%| F|  |TS  7|AC  0|TAMS 0x000000008e800000, 0x000000008e800000|
| 209|0x000000008e900000, 0x000000008e900000, 0x000000008ea00000|  0%| F|  |TS  7|AC  0|TAMS 0x000000008e900000, 0x000000008e900000|
| 210|0x000000008ea00000, 0x000000008ea00000, 0x000000008eb00000|  0%| F|  |TS  7|AC  0|TAMS 0x000000008ea00000, 0x000000008ea00000|
| 211|0x000000008eb00000, 0x000000008eb00000, 0x000000008ec00000|  0%| F|  |TS  7|AC  0|TAMS 0x000000008eb00000, 0x000000008eb00000|
| 212|0x000000008ec00000, 0x000000008ec00000, 0x000000008ed00000|  0%| F|  |TS  7|AC  0|TAMS 0x000000008ec00000, 0x000000008ec00000|
| 213|0x000000008ed00000, 0x000000008ed00000, 0x000000008ee00000|  0%| F|  |TS  7|AC  0|TAMS 0x000000008ed00000, 0x000000008ed00000|
| 214|0x000000008ee00000, 0x000000008ee00000, 0x000000008ef00000|  0%| F|  |TS  7|AC  0|TAMS 0x000000008ee00000, 0x000000008ee00000|
| 215|0x000000008ef00000, 0x000000008ef00000, 0x000000008f000000|  0%| F|  |TS  7|AC  0|TAMS 0x000000008ef00000, 0x000000008ef00000|
| 216|0x000000008f000000, 0x000000008f000000, 0x000000008f100000|  0%| F|  |TS  7|AC  0|TAMS 0x000000008f000000, 0x000000008f000000|
| 217|0x000000008f100000, 0x000000008f100000, 0x000000008f200000|  0%| F|  |TS  7|AC  0|TAMS 0x000000008f100000, 0x000000008f100000|
| 218|0x000000008f200000, 0x000000008f200000, 0x000000008f300000|  0%| F|  |TS  7|AC  0|TAMS 0x000000008f200000, 0x000000008f200000|
| 219|0x000000008f300000, 0x000000008f300000, 0x000000008f400000|  0%| F|  |TS  7|AC  0|TAMS 0x000000008f300000, 0x000000008f300000|
| 220|0x000000008f400000, 0x000000008f400000, 0x000000008f500000|  0%| F|  |TS  7|AC  0|TAMS 0x000000008f400000, 0x000000008f400000|
| 221|0x000000008f500000, 0x000000008f500000, 0x000000008f600000|  0%| F|  |TS  7|AC  0|TAMS 0x000000008f500000, 0x000000008f500000|
| 222|0x000000008f600000, 0x000000008f600000, 0x000000008f700000|  0%| F|  |TS  7|AC  0|TAMS 0x000000008f600000, 0x000000008f600000|
| 223|0x000000008f700000, 0x000000008f700000, 0x000000008f800000|  0%| F|  |TS  7|AC  0|TAMS 0x000000008f700000, 0x000000008f700000|
| 224|0x000000008f800000, 0x000000008f800000, 0x000000008f900000|  0%| F|  |TS  7|AC  0|TAMS 0x000000008f800000, 0x000000008f800000|
| 225|0x000000008f900000, 0x000000008f900000, 0x000000008fa00000|  0%| F|  |TS  7|AC  0|TAMS 0x000000008f900000, 0x000000008f900000|
| 226|0x000000008fa00000, 0x000000008fa00000, 0x000000008fb00000|  0%| F|  |TS  7|AC  0|TAMS 0x000000008fa00000, 0x000000008fa00000|
| 227|0x000000008fb00000, 0x000000008fb00000, 0x000000008fc00000|  0%| F|  |TS  7|AC  0|TAMS 0x000000008fb00000, 0x000000008fb00000|
| 228|0x000000008fc00000, 0x000000008fc00000, 0x000000008fd00000|  0%| F|  |TS  7|AC  0|TAMS 0x000000008fc00000, 0x000000008fc00000|
| 229|0x000000008fd00000, 0x000000008fd00000, 0x000000008fe00000|  0%| F|  |TS  7|AC  0|TAMS 0x000000008fd00000, 0x000000008fd00000|
| 230|0x000000008fe00000, 0x000000008fe00000, 0x000000008ff00000|  0%| F|  |TS  7|AC  0|TAMS 0x000000008fe00000, 0x000000008fe00000|
| 231|0x000000008ff00000, 0x000000008ff00000, 0x0000000090000000|  0%| F|  |TS  7|AC  0|TAMS 0x000000008ff00000, 0x000000008ff00000|
| 232|0x0000000090000000, 0x0000000090000000, 0x0000000090100000|  0%| F|  |TS  7|AC  0|TAMS 0x0000000090000000, 0x0000000090000000|
| 233|0x0000000090100000, 0x0000000090100000, 0x0000000090200000|  0%| F|  |TS  7|AC  0|TAMS 0x0000000090100000, 0x0000000090100000|
| 234|0x0000000090200000, 0x0000000090200000, 0x0000000090300000|  0%| F|  |TS  7|AC  0|TAMS 0x0000000090200000, 0x0000000090200000|
| 235|0x0000000090300000, 0x0000000090300000, 0x0000000090400000|  0%| F|  |TS  7|AC  0|TAMS 0x0000000090300000, 0x0000000090300000|
| 236|0x0000000090400000, 0x0000000090400000, 0x0000000090500000|  0%| F|  |TS  7|AC  0|TAMS 0x0000000090400000, 0x0000000090400000|
| 237|0x0000000090500000, 0x0000000090500000, 0x0000000090600000|  0%| F|  |TS  7|AC  0|TAMS 0x0000000090500000, 0x0000000090500000|
| 238|0x0000000090600000, 0x0000000090600000, 0x0000000090700000|  0%| F|  |TS  7|AC  0|TAMS 0x0000000090600000, 0x0000000090600000|
| 239|0x0000000090700000, 0x0000000090700000, 0x0000000090800000|  0%| F|  |TS  7|AC  0|TAMS 0x0000000090700000, 0x0000000090700000|
| 240|0x0000000090800000, 0x0000000090800000, 0x0000000090900000|  0%| F|  |TS  7|AC  0|TAMS 0x0000000090800000, 0x0000000090800000|
| 241|0x0000000090900000, 0x0000000090900000, 0x0000000090a00000|  0%| F|  |TS  7|AC  0|TAMS 0x0000000090900000, 0x0000000090900000|
| 242|0x0000000090a00000, 0x0000000090a00000, 0x0000000090b00000|  0%| F|  |TS  7|AC  0|TAMS 0x0000000090a00000, 0x0000000090a00000|
| 243|0x0000000090b00000, 0x0000000090b00000, 0x0000000090c00000|  0%| F|  |TS  7|AC  0|TAMS 0x0000000090b00000, 0x0000000090b00000|
| 244|0x0000000090c00000, 0x0000000090c00000, 0x0000000090d00000|  0%| F|  |TS  7|AC  0|TAMS 0x0000000090c00000, 0x0000000090c00000|
| 245|0x0000000090d00000, 0x0000000090d00000, 0x0000000090e00000|  0%| F|  |TS  7|AC  0|TAMS 0x0000000090d00000, 0x0000000090d00000|
| 246|0x0000000090e00000, 0x0000000090e00000, 0x0000000090f00000|  0%| F|  |TS  7|AC  0|TAMS 0x0000000090e00000, 0x0000000090e00000|
| 247|0x0000000090f00000, 0x0000000090f00000, 0x0000000091000000|  0%| F|  |TS  7|AC  0|TAMS 0x0000000090f00000, 0x0000000090f00000|
| 248|0x0000000091000000, 0x0000000091000000, 0x0000000091100000|  0%| F|  |TS  7|AC  0|TAMS 0x0000000091000000, 0x0000000091000000|
| 249|0x0000000091100000, 0x0000000091100000, 0x0000000091200000|  0%| F|  |TS  7|AC  0|TAMS 0x0000000091100000, 0x0000000091100000|
| 250|0x0000000091200000, 0x0000000091200000, 0x0000000091300000|  0%| F|  |TS  7|AC  0|TAMS 0x0000000091200000, 0x0000000091200000|
| 251|0x0000000091300000, 0x0000000091300000, 0x0000000091400000|  0%| F|  |TS  7|AC  0|TAMS 0x0000000091300000, 0x0000000091300000|
| 252|0x0000000091400000, 0x0000000091400000, 0x0000000091500000|  0%| F|  |TS  7|AC  0|TAMS 0x0000000091400000, 0x0000000091400000|
| 253|0x0000000091500000, 0x0000000091500000, 0x0000000091600000|  0%| F|  |TS  7|AC  0|TAMS 0x0000000091500000, 0x0000000091500000|
| 254|0x0000000091600000, 0x0000000091600000, 0x0000000091700000|  0%| F|  |TS  7|AC  0|TAMS 0x0000000091600000, 0x0000000091600000|
| 255|0x0000000091700000, 0x0000000091700000, 0x0000000091800000|  0%| F|  |TS  7|AC  0|TAMS 0x0000000091700000, 0x0000000091700000|
| 256|0x0000000091800000, 0x0000000091800000, 0x0000000091900000|  0%| F|  |TS  7|AC  0|TAMS 0x0000000091800000, 0x0000000091800000|
| 257|0x0000000091900000, 0x0000000091900000, 0x0000000091a00000|  0%| F|  |TS  7|AC  0|TAMS 0x0000000091900000, 0x0000000091900000|
| 258|0x0000000091a00000, 0x0000000091a00000, 0x0000000091b00000|  0%| F|  |TS  7|AC  0|TAMS 0x0000000091a00000, 0x0000000091a00000|
| 259|0x0000000091b00000, 0x0000000091b00000, 0x0000000091c00000|  0%| F|  |TS  7|AC  0|TAMS 0x0000000091b00000, 0x0000000091b00000|
| 260|0x0000000091c00000, 0x0000000091c00000, 0x0000000091d00000|  0%| F|  |TS  7|AC  0|TAMS 0x0000000091c00000, 0x0000000091c00000|
| 261|0x0000000091d00000, 0x0000000091d00000, 0x0000000091e00000|  0%| F|  |TS  7|AC  0|TAMS 0x0000000091d00000, 0x0000000091d00000|
| 262|0x0000000091e00000, 0x0000000091e00000, 0x0000000091f00000|  0%| F|  |TS  7|AC  0|TAMS 0x0000000091e00000, 0x0000000091e00000|
| 263|0x0000000091f00000, 0x0000000091f00000, 0x0000000092000000|  0%| F|  |TS  7|AC  0|TAMS 0x0000000091f00000, 0x0000000091f00000|
| 264|0x0000000092000000, 0x0000000092000000, 0x0000000092100000|  0%| F|  |TS  7|AC  0|TAMS 0x0000000092000000, 0x0000000092000000|
| 265|0x0000000092100000, 0x0000000092100000, 0x0000000092200000|  0%| F|  |TS  7|AC  0|TAMS 0x0000000092100000, 0x0000000092100000|
| 266|0x0000000092200000, 0x0000000092200000, 0x0000000092300000|  0%| F|  |TS  7|AC  0|TAMS 0x0000000092200000, 0x0000000092200000|
| 267|0x0000000092300000, 0x0000000092300000, 0x0000000092400000|  0%| F|  |TS  7|AC  0|TAMS 0x0000000092300000, 0x0000000092300000|
| 268|0x0000000092400000, 0x0000000092400000, 0x0000000092500000|  0%| F|  |TS  7|AC  0|TAMS 0x0000000092400000, 0x0000000092400000|
| 269|0x0000000092500000, 0x0000000092500000, 0x0000000092600000|  0%| F|  |TS  7|AC  0|TAMS 0x0000000092500000, 0x0000000092500000|
| 270|0x0000000092600000, 0x0000000092600000, 0x0000000092700000|  0%| F|  |TS  7|AC  0|TAMS 0x0000000092600000, 0x0000000092600000|
| 271|0x0000000092700000, 0x0000000092700000, 0x0000000092800000|  0%| F|  |TS  7|AC  0|TAMS 0x0000000092700000, 0x0000000092700000|
| 272|0x0000000092800000, 0x0000000092800000, 0x0000000092900000|  0%| F|  |TS  7|AC  0|TAMS 0x0000000092800000, 0x0000000092800000|
| 273|0x0000000092900000, 0x0000000092900000, 0x0000000092a00000|  0%| F|  |TS  7|AC  0|TAMS 0x0000000092900000, 0x0000000092900000|
| 274|0x0000000092a00000, 0x0000000092a00000, 0x0000000092b00000|  0%| F|  |TS  7|AC  0|TAMS 0x0000000092a00000, 0x0000000092a00000|
| 275|0x0000000092b00000, 0x0000000092b00000, 0x0000000092c00000|  0%| F|  |TS  7|AC  0|TAMS 0x0000000092b00000, 0x0000000092b00000|
| 276|0x0000000092c00000, 0x0000000092c00000, 0x0000000092d00000|  0%| F|  |TS  7|AC  0|TAMS 0x0000000092c00000, 0x0000000092c00000|
| 277|0x0000000092d00000, 0x0000000092d00000, 0x0000000092e00000|  0%| F|  |TS  7|AC  0|TAMS 0x0000000092d00000, 0x0000000092d00000|
| 278|0x0000000092e00000, 0x0000000092e00000, 0x0000000092f00000|  0%| F|  |TS  7|AC  0|TAMS 0x0000000092e00000, 0x0000000092e00000|
| 279|0x0000000092f00000, 0x0000000092f00000, 0x0000000093000000|  0%| F|  |TS  7|AC  0|TAMS 0x0000000092f00000, 0x0000000092f00000|
| 280|0x0000000093000000, 0x0000000093000000, 0x0000000093100000|  0%| F|  |TS  7|AC  0|TAMS 0x0000000093000000, 0x0000000093000000|
| 281|0x0000000093100000, 0x0000000093100000, 0x0000000093200000|  0%| F|  |TS  7|AC  0|TAMS 0x0000000093100000, 0x0000000093100000|
| 282|0x0000000093200000, 0x0000000093200000, 0x0000000093300000|  0%| F|  |TS  7|AC  0|TAMS 0x0000000093200000, 0x0000000093200000|
| 283|0x0000000093300000, 0x0000000093300000, 0x0000000093400000|  0%| F|  |TS  7|AC  0|TAMS 0x0000000093300000, 0x0000000093300000|
| 284|0x0000000093400000, 0x0000000093400000, 0x0000000093500000|  0%| F|  |TS  7|AC  0|TAMS 0x0000000093400000, 0x0000000093400000|
| 285|0x0000000093500000, 0x0000000093500000, 0x0000000093600000|  0%| F|  |TS  7|AC  0|TAMS 0x0000000093500000, 0x0000000093500000|
| 286|0x0000000093600000, 0x0000000093600000, 0x0000000093700000|  0%| F|  |TS  7|AC  0|TAMS 0x0000000093600000, 0x0000000093600000|
| 287|0x0000000093700000, 0x0000000093700000, 0x0000000093800000|  0%| F|  |TS  7|AC  0|TAMS 0x0000000093700000, 0x0000000093700000|
| 288|0x0000000093800000, 0x0000000093800000, 0x0000000093900000|  0%| F|  |TS  7|AC  0|TAMS 0x0000000093800000, 0x0000000093800000|
| 289|0x0000000093900000, 0x0000000093900000, 0x0000000093a00000|  0%| F|  |TS  7|AC  0|TAMS 0x0000000093900000, 0x0000000093900000|
| 290|0x0000000093a00000, 0x0000000093a00000, 0x0000000093b00000|  0%| F|  |TS  7|AC  0|TAMS 0x0000000093a00000, 0x0000000093a00000|
| 291|0x0000000093b00000, 0x0000000093b00000, 0x0000000093c00000|  0%| F|  |TS  7|AC  0|TAMS 0x0000000093b00000, 0x0000000093b00000|
| 292|0x0000000093c00000, 0x0000000093c00000, 0x0000000093d00000|  0%| F|  |TS  7|AC  0|TAMS 0x0000000093c00000, 0x0000000093c00000|
| 293|0x0000000093d00000, 0x0000000093d00000, 0x0000000093e00000|  0%| F|  |TS  7|AC  0|TAMS 0x0000000093d00000, 0x0000000093d00000|
| 294|0x0000000093e00000, 0x0000000093e00000, 0x0000000093f00000|  0%| F|  |TS  7|AC  0|TAMS 0x0000000093e00000, 0x0000000093e00000|
| 295|0x0000000093f00000, 0x0000000093f00000, 0x0000000094000000|  0%| F|  |TS  7|AC  0|TAMS 0x0000000093f00000, 0x0000000093f00000|
| 296|0x0000000094000000, 0x0000000094000000, 0x0000000094100000|  0%| F|  |TS  7|AC  0|TAMS 0x0000000094000000, 0x0000000094000000|
| 297|0x0000000094100000, 0x0000000094100000, 0x0000000094200000|  0%| F|  |TS  7|AC  0|TAMS 0x0000000094100000, 0x0000000094100000|
| 298|0x0000000094200000, 0x0000000094200000, 0x0000000094300000|  0%| F|  |TS  7|AC  0|TAMS 0x0000000094200000, 0x0000000094200000|
| 299|0x0000000094300000, 0x0000000094300000, 0x0000000094400000|  0%| F|  |TS  7|AC  0|TAMS 0x0000000094300000, 0x0000000094300000|
| 300|0x0000000094400000, 0x0000000094400000, 0x0000000094500000|  0%| F|  |TS  7|AC  0|TAMS 0x0000000094400000, 0x0000000094400000|
| 301|0x0000000094500000, 0x0000000094500000, 0x0000000094600000|  0%| F|  |TS  7|AC  0|TAMS 0x0000000094500000, 0x0000000094500000|
| 302|0x0000000094600000, 0x0000000094600000, 0x0000000094700000|  0%| F|  |TS  7|AC  0|TAMS 0x0000000094600000, 0x0000000094600000|
| 303|0x0000000094700000, 0x0000000094700000, 0x0000000094800000|  0%| F|  |TS  7|AC  0|TAMS 0x0000000094700000, 0x0000000094700000|
| 304|0x0000000094800000, 0x0000000094800000, 0x0000000094900000|  0%| F|  |TS  7|AC  0|TAMS 0x0000000094800000, 0x0000000094800000|
| 305|0x0000000094900000, 0x0000000094900000, 0x0000000094a00000|  0%| F|  |TS  7|AC  0|TAMS 0x0000000094900000, 0x0000000094900000|
| 306|0x0000000094a00000, 0x0000000094a00000, 0x0000000094b00000|  0%| F|  |TS  7|AC  0|TAMS 0x0000000094a00000, 0x0000000094a00000|
| 307|0x0000000094b00000, 0x0000000094b00000, 0x0000000094c00000|  0%| F|  |TS  7|AC  0|TAMS 0x0000000094b00000, 0x0000000094b00000|
| 308|0x0000000094c00000, 0x0000000094c00000, 0x0000000094d00000|  0%| F|  |TS  7|AC  0|TAMS 0x0000000094c00000, 0x0000000094c00000|
| 309|0x0000000094d00000, 0x0000000094d00000, 0x0000000094e00000|  0%| F|  |TS  7|AC  0|TAMS 0x0000000094d00000, 0x0000000094d00000|
| 310|0x0000000094e00000, 0x0000000094e00000, 0x0000000094f00000|  0%| F|  |TS  7|AC  0|TAMS 0x0000000094e00000, 0x0000000094e00000|
| 311|0x0000000094f00000, 0x0000000094f00000, 0x0000000095000000|  0%| F|  |TS  7|AC  0|TAMS 0x0000000094f00000, 0x0000000094f00000|
| 312|0x0000000095000000, 0x0000000095000000, 0x0000000095100000|  0%| F|  |TS  7|AC  0|TAMS 0x0000000095000000, 0x0000000095000000|
| 313|0x0000000095100000, 0x0000000095100000, 0x0000000095200000|  0%| F|  |TS  7|AC  0|TAMS 0x0000000095100000, 0x0000000095100000|
| 314|0x0000000095200000, 0x0000000095200000, 0x0000000095300000|  0%| F|  |TS  7|AC  0|TAMS 0x0000000095200000, 0x0000000095200000|
| 315|0x0000000095300000, 0x0000000095300000, 0x0000000095400000|  0%| F|  |TS  7|AC  0|TAMS 0x0000000095300000, 0x0000000095300000|
| 316|0x0000000095400000, 0x0000000095400000, 0x0000000095500000|  0%| F|  |TS  7|AC  0|TAMS 0x0000000095400000, 0x0000000095400000|
| 317|0x0000000095500000, 0x0000000095500000, 0x0000000095600000|  0%| F|  |TS  7|AC  0|TAMS 0x0000000095500000, 0x0000000095500000|
| 318|0x0000000095600000, 0x0000000095600000, 0x0000000095700000|  0%| F|  |TS  7|AC  0|TAMS 0x0000000095600000, 0x0000000095600000|
| 319|0x0000000095700000, 0x0000000095700000, 0x0000000095800000|  0%| F|  |TS  7|AC  0|TAMS 0x0000000095700000, 0x0000000095700000|
| 320|0x0000000095800000, 0x0000000095800000, 0x0000000095900000|  0%| F|  |TS  7|AC  0|TAMS 0x0000000095800000, 0x0000000095800000|
| 321|0x0000000095900000, 0x0000000095900000, 0x0000000095a00000|  0%| F|  |TS  7|AC  0|TAMS 0x0000000095900000, 0x0000000095900000|
| 322|0x0000000095a00000, 0x0000000095a00000, 0x0000000095b00000|  0%| F|  |TS  7|AC  0|TAMS 0x0000000095a00000, 0x0000000095a00000|
| 323|0x0000000095b00000, 0x0000000095b00000, 0x0000000095c00000|  0%| F|  |TS  7|AC  0|TAMS 0x0000000095b00000, 0x0000000095b00000|
| 324|0x0000000095c00000, 0x0000000095c00000, 0x0000000095d00000|  0%| F|  |TS  7|AC  0|TAMS 0x0000000095c00000, 0x0000000095c00000|
| 325|0x0000000095d00000, 0x0000000095d00000, 0x0000000095e00000|  0%| F|  |TS  7|AC  0|TAMS 0x0000000095d00000, 0x0000000095d00000|
| 326|0x0000000095e00000, 0x0000000095e00000, 0x0000000095f00000|  0%| F|  |TS  7|AC  0|TAMS 0x0000000095e00000, 0x0000000095e00000|
| 327|0x0000000095f00000, 0x0000000095f00000, 0x0000000096000000|  0%| F|  |TS  7|AC  0|TAMS 0x0000000095f00000, 0x0000000095f00000|
| 328|0x0000000096000000, 0x0000000096000000, 0x0000000096100000|  0%| F|  |TS  7|AC  0|TAMS 0x0000000096000000, 0x0000000096000000|
| 329|0x0000000096100000, 0x0000000096100000, 0x0000000096200000|  0%| F|  |TS  7|AC  0|TAMS 0x0000000096100000, 0x0000000096100000|
| 330|0x0000000096200000, 0x0000000096200000, 0x0000000096300000|  0%| F|  |TS  7|AC  0|TAMS 0x0000000096200000, 0x0000000096200000|
| 331|0x0000000096300000, 0x0000000096300000, 0x0000000096400000|  0%| F|  |TS  7|AC  0|TAMS 0x0000000096300000, 0x0000000096300000|
| 332|0x0000000096400000, 0x0000000096400000, 0x0000000096500000|  0%| F|  |TS  7|AC  0|TAMS 0x0000000096400000, 0x0000000096400000|
| 333|0x0000000096500000, 0x0000000096500000, 0x0000000096600000|  0%| F|  |TS  7|AC  0|TAMS 0x0000000096500000, 0x0000000096500000|
| 334|0x0000000096600000, 0x0000000096600000, 0x0000000096700000|  0%| F|  |TS  7|AC  0|TAMS 0x0000000096600000, 0x0000000096600000|
| 335|0x0000000096700000, 0x0000000096700000, 0x0000000096800000|  0%| F|  |TS  7|AC  0|TAMS 0x0000000096700000, 0x0000000096700000|
| 336|0x0000000096800000, 0x0000000096800000, 0x0000000096900000|  0%| F|  |TS  7|AC  0|TAMS 0x0000000096800000, 0x0000000096800000|
| 337|0x0000000096900000, 0x0000000096900000, 0x0000000096a00000|  0%| F|  |TS  7|AC  0|TAMS 0x0000000096900000, 0x0000000096900000|
| 338|0x0000000096a00000, 0x0000000096a00000, 0x0000000096b00000|  0%| F|  |TS  7|AC  0|TAMS 0x0000000096a00000, 0x0000000096a00000|
| 339|0x0000000096b00000, 0x0000000096b00000, 0x0000000096c00000|  0%| F|  |TS  7|AC  0|TAMS 0x0000000096b00000, 0x0000000096b00000|
| 340|0x0000000096c00000, 0x0000000096c00000, 0x0000000096d00000|  0%| F|  |TS  7|AC  0|TAMS 0x0000000096c00000, 0x0000000096c00000|
| 341|0x0000000096d00000, 0x0000000096d00000, 0x0000000096e00000|  0%| F|  |TS  7|AC  0|TAMS 0x0000000096d00000, 0x0000000096d00000|
| 342|0x0000000096e00000, 0x0000000096e00000, 0x0000000096f00000|  0%| F|  |TS  7|AC  0|TAMS 0x0000000096e00000, 0x0000000096e00000|
| 343|0x0000000096f00000, 0x0000000096f00000, 0x0000000097000000|  0%| F|  |TS  7|AC  0|TAMS 0x0000000096f00000, 0x0000000096f00000|
| 344|0x0000000097000000, 0x0000000097000000, 0x0000000097100000|  0%| F|  |TS  7|AC  0|TAMS 0x0000000097000000, 0x0000000097000000|
| 345|0x0000000097100000, 0x0000000097100000, 0x0000000097200000|  0%| F|  |TS  7|AC  0|TAMS 0x0000000097100000, 0x0000000097100000|
| 346|0x0000000097200000, 0x0000000097200000, 0x0000000097300000|  0%| F|  |TS  7|AC  0|TAMS 0x0000000097200000, 0x0000000097200000|
| 347|0x0000000097300000, 0x0000000097300000, 0x0000000097400000|  0%| F|  |TS  7|AC  0|TAMS 0x0000000097300000, 0x0000000097300000|
| 348|0x0000000097400000, 0x0000000097400000, 0x0000000097500000|  0%| F|  |TS  7|AC  0|TAMS 0x0000000097400000, 0x0000000097400000|
| 349|0x0000000097500000, 0x0000000097500000, 0x0000000097600000|  0%| F|  |TS  7|AC  0|TAMS 0x0000000097500000, 0x0000000097500000|

Card table byte_map: [0x0000024c62370000,0x0000024c62770000] byte_map_base: 0x0000024c61f64000

Marking Bits (Prev, Next): (CMBitMap*) 0x0000024c66abe000, (CMBitMap*) 0x0000024c66abe038
 Prev Bits: [0x0000024c62b70000, 0x0000024c64b10000)
 Next Bits: [0x0000024c64b10000, 0x0000024c66ab0000)

Polling page: 0x0000024c45da0000

CodeHeap 'non-profiled nmethods': size=120000Kb used=5411Kb max_used=5411Kb free=114588Kb
 bounds [0x0000024c59be0000, 0x0000024c5a130000, 0x0000024c61110000]
CodeHeap 'profiled nmethods': size=120000Kb used=15790Kb max_used=15790Kb free=104210Kb
 bounds [0x0000024c526b0000, 0x0000024c53630000, 0x0000024c59be0000]
CodeHeap 'non-nmethods': size=5760Kb used=1361Kb max_used=1403Kb free=4399Kb
 bounds [0x0000024c52110000, 0x0000024c52380000, 0x0000024c526b0000]
 total_blobs=10130 nmethods=6399 adapters=495
 compilation: enabled

Compilation events (10 events):
Event: 127.623 Thread 0x0000024c69e3e000 7321       3       java.lang.Class::isEnum (27 bytes)
Event: 127.623 Thread 0x0000024c69e3e000 nmethod 7321 0x0000024c53626610 code [0x0000024c536267e0, 0x0000024c53626b40]
Event: 127.623 Thread 0x0000024c69e3e000 7324       1       com.alibaba.fastjson.util.FieldInfo::getFormat (5 bytes)
Event: 127.623 Thread 0x0000024c69e3e000 nmethod 7324 0x0000024c5a128590 code [0x0000024c5a128740, 0x0000024c5a128858]
Event: 127.623 Thread 0x0000024c69e3e000 7317       3       com.alibaba.fastjson.asm.Item::set (24 bytes)
Event: 127.623 Thread 0x0000024c69e3e000 nmethod 7317 0x0000024c53626c10 code [0x0000024c53626dc0, 0x0000024c53626f38]
Event: 127.623 Thread 0x0000024c69e3e000 7319       1       com.alibaba.fastjson.serializer.ASMSerializerFactory$Context::access$300 (5 bytes)
Event: 127.623 Thread 0x0000024c69e3e000 nmethod 7319 0x0000024c5a128910 code [0x0000024c5a128ac0, 0x0000024c5a128bb8]
Event: 127.624 Thread 0x0000024c69e30000 nmethod 7320 0x0000024c5a128c90 code [0x0000024c5a128e40, 0x0000024c5a129138]
Event: 127.626 Thread 0x0000024c69e3e000 7325       3       sun.util.calendar.ZoneInfo::getTransitionIndex (156 bytes)

GC Heap History (10 events):
Event: 18.012 GC heap after
{Heap after GC invocations=26 (full 0):
 garbage-first heap   total 227328K, used 112640K [0x0000000081800000, 0x00000000819006f0, 0x0000000100000000)
  region size 1024K, 10 young (10240K), 10 survivors (10240K)
 Metaspace       used 31948K, capacity 33016K, committed 33152K, reserved 1079296K
  class space    used 3358K, capacity 3648K, committed 3712K, reserved 1048576K
}
Event: 18.267 GC heap before
{Heap before GC invocations=26 (full 0):
 garbage-first heap   total 227328K, used 177152K [0x0000000081800000, 0x00000000819006f0, 0x0000000100000000)
  region size 1024K, 73 young (74752K), 10 survivors (10240K)
 Metaspace       used 31958K, capacity 33084K, committed 33408K, reserved 1079296K
  class space    used 3359K, capacity 3648K, committed 3712K, reserved 1048576K
}
Event: 18.280 GC heap after
{Heap after GC invocations=27 (full 0):
 garbage-first heap   total 358400K, used 116325K [0x0000000081800000, 0x0000000081900af0, 0x0000000100000000)
  region size 1024K, 10 young (10240K), 10 survivors (10240K)
 Metaspace       used 31958K, capacity 33084K, committed 33408K, reserved 1079296K
  class space    used 3359K, capacity 3648K, committed 3712K, reserved 1048576K
}
Event: 18.964 GC heap before
{Heap before GC invocations=28 (full 0):
 garbage-first heap   total 358400K, used 261733K [0x0000000081800000, 0x0000000081900af0, 0x0000000100000000)
  region size 1024K, 181 young (185344K), 10 survivors (10240K)
 Metaspace       used 32013K, capacity 33148K, committed 33408K, reserved 1079296K
  class space    used 3359K, capacity 3648K, committed 3712K, reserved 1048576K
}
Event: 18.982 GC heap after
{Heap after GC invocations=29 (full 0):
 garbage-first heap   total 358400K, used 105013K [0x0000000081800000, 0x0000000081900af0, 0x0000000100000000)
  region size 1024K, 23 young (23552K), 23 survivors (23552K)
 Metaspace       used 32013K, capacity 33148K, committed 33408K, reserved 1079296K
  class space    used 3359K, capacity 3648K, committed 3712K, reserved 1048576K
}
Event: 18.986 GC heap before
{Heap before GC invocations=29 (full 0):
 garbage-first heap   total 358400K, used 106037K [0x0000000081800000, 0x0000000081900af0, 0x0000000100000000)
  region size 1024K, 24 young (24576K), 23 survivors (23552K)
 Metaspace       used 32013K, capacity 33148K, committed 33408K, reserved 1079296K
  class space    used 3359K, capacity 3648K, committed 3712K, reserved 1048576K
}
Event: 18.994 GC heap after
{Heap after GC invocations=30 (full 0):
 garbage-first heap   total 358400K, used 75123K [0x0000000081800000, 0x0000000081900af0, 0x0000000100000000)
  region size 1024K, 3 young (3072K), 3 survivors (3072K)
 Metaspace       used 32013K, capacity 33148K, committed 33408K, reserved 1079296K
  class space    used 3359K, capacity 3648K, committed 3712K, reserved 1048576K
}
Event: 20.749 GC heap before
{Heap before GC invocations=30 (full 0):
 garbage-first heap   total 358400K, used 239987K [0x0000000081800000, 0x0000000081900af0, 0x0000000100000000)
  region size 1024K, 164 young (167936K), 3 survivors (3072K)
 Metaspace       used 44539K, capacity 45806K, committed 45952K, reserved 1089536K
  class space    used 4898K, capacity 5221K, committed 5248K, reserved 1048576K
}
Event: 20.767 GC heap after
{Heap after GC invocations=31 (full 0):
 garbage-first heap   total 358400K, used 93785K [0x0000000081800000, 0x0000000081900af0, 0x0000000100000000)
  region size 1024K, 21 young (21504K), 21 survivors (21504K)
 Metaspace       used 44539K, capacity 45806K, committed 45952K, reserved 1089536K
  class space    used 4898K, capacity 5221K, committed 5248K, reserved 1048576K
}
Event: 127.627 GC heap before
{Heap before GC invocations=31 (full 0):
 garbage-first heap   total 358400K, used 238169K [0x0000000081800000, 0x0000000081900af0, 0x0000000100000000)
  region size 1024K, 163 young (166912K), 21 survivors (21504K)
 Metaspace       used 54200K, capacity 55634K, committed 55680K, reserved 1099776K
  class space    used 6018K, capacity 6378K, committed 6400K, reserved 1048576K
}

Deoptimization events (10 events):
Event: 26.805 Thread 0x0000024c6b54f800 Uncommon trap: reason=bimorphic_or_optimized_type_check action=maybe_recompile pc=0x0000024c59d6399c method=java.util.regex.Pattern$BmpCharProperty.match(Ljava/util/regex/Matcher;ILjava/lang/CharSequence;)Z @ 14 c2
Event: 26.805 Thread 0x0000024c6b54f800 Uncommon trap: reason=bimorphic_or_optimized_type_check action=maybe_recompile pc=0x0000024c59ccd60c method=java.util.regex.Pattern$BmpCharPredicate.lambda$union$2(Ljava/util/regex/Pattern$CharPredicate;I)Z @ 12 c2
Event: 93.445 Thread 0x0000024c6d1a7000 Uncommon trap: reason=class_check action=maybe_recompile pc=0x0000024c59c7f954 method=java.nio.DirectByteBuffer.<init>(Lsun/nio/ch/DirectBuffer;IIIII)V @ 12 c2
Event: 124.697 Thread 0x0000024c6d1a7000 Uncommon trap: reason=class_check action=maybe_recompile pc=0x0000024c59c7f954 method=java.nio.DirectByteBuffer.<init>(Lsun/nio/ch/DirectBuffer;IIIII)V @ 12 c2
Event: 127.193 Thread 0x0000024c6d099000 Uncommon trap: reason=unstable_if action=reinterpret pc=0x0000024c59c1ee30 method=java.lang.String.startsWith(Ljava/lang/String;I)Z @ 46 c2
Event: 127.194 Thread 0x0000024c6d1a7000 Uncommon trap: reason=class_check action=maybe_recompile pc=0x0000024c59c7f954 method=java.nio.DirectByteBuffer.<init>(Lsun/nio/ch/DirectBuffer;IIIII)V @ 12 c2
Event: 127.611 Thread 0x0000024c6d099000 Uncommon trap: reason=bimorphic_or_optimized_type_check action=maybe_recompile pc=0x0000024c59ef5134 method=java.lang.ClassLoader.loadClass(Ljava/lang/String;Z)Ljava/lang/Class; @ 2 c2
Event: 127.611 Thread 0x0000024c6d099000 Uncommon trap: reason=bimorphic_or_optimized_type_check action=maybe_recompile pc=0x0000024c59ef5134 method=java.lang.ClassLoader.loadClass(Ljava/lang/String;Z)Ljava/lang/Class; @ 2 c2
Event: 127.612 Thread 0x0000024c6d099000 Uncommon trap: reason=bimorphic_or_optimized_type_check action=maybe_recompile pc=0x0000024c59ef5134 method=java.lang.ClassLoader.loadClass(Ljava/lang/String;Z)Ljava/lang/Class; @ 2 c2
Event: 127.612 Thread 0x0000024c6d099000 Uncommon trap: reason=bimorphic_or_optimized_type_check action=maybe_recompile pc=0x0000024c59ef5134 method=java.lang.ClassLoader.loadClass(Ljava/lang/String;Z)Ljava/lang/Class; @ 2 c2

Classes redefined (0 events):
No events

Internal exceptions (10 events):
Event: 22.299 Thread 0x0000024c6d02e000 Exception <a 'java/lang/ClassNotFoundException'{0x00000000906c2808}: org/springframework/web/servlet/view/InternalResourceViewResolverCustomizer> (0x00000000906c2808) thrown at [t:/workspace/hotspot/src/share/vm/classfile/systemDictionary.cpp, line 218]
Event: 22.307 Thread 0x0000024c6d02e000 Exception <a 'java/lang/ClassNotFoundException'{0x00000000905436b0}: org/springframework/web/servlet/support/SessionFlashMapManagerBeanInfo> (0x00000000905436b0) thrown at [t:/workspace/hotspot/src/share/vm/classfile/systemDictionary.cpp, line 218]
Event: 22.307 Thread 0x0000024c6d02e000 Exception <a 'java/lang/ClassNotFoundException'{0x000000009057af48}: org/springframework/web/servlet/support/AbstractFlashMapManagerBeanInfo> (0x000000009057af48) thrown at [t:/workspace/hotspot/src/share/vm/classfile/systemDictionary.cpp, line 218]
Event: 22.308 Thread 0x0000024c6d02e000 Exception <a 'java/lang/ClassNotFoundException'{0x00000000905b34c0}: org/springframework/web/servlet/support/AbstractFlashMapManagerCustomizer> (0x00000000905b34c0) thrown at [t:/workspace/hotspot/src/share/vm/classfile/systemDictionary.cpp, line 218]
Event: 22.308 Thread 0x0000024c6d02e000 Exception <a 'java/lang/ClassNotFoundException'{0x00000000905efcf0}: org/springframework/web/servlet/support/SessionFlashMapManagerCustomizer> (0x00000000905efcf0) thrown at [t:/workspace/hotspot/src/share/vm/classfile/systemDictionary.cpp, line 218]
Event: 26.791 Thread 0x0000024c6d1a7000 Implicit null exception at 0x0000024c59e65617 to 0x0000024c59e65859
Event: 26.795 Thread 0x0000024c6b54f800 Exception <a 'java/lang/reflect/InvocationTargetException'{0x000000008f09b1f8}> (0x000000008f09b1f8) thrown at [t:/workspace/hotspot/src/share/vm/runtime/reflection.cpp, line 1213]
Event: 26.803 Thread 0x0000024c6b54f800 Exception <a 'java/lang/NoSuchMethodError'{0x000000008f0d9870}: java.lang.Object.lambda$and$0(Ljava/util/regex/Pattern$CharPredicate;I)Z> (0x000000008f0d9870) thrown at [t:/workspace/hotspot/src/share/vm/interpreter/linkResolver.cpp, line 731]
Event: 93.444 Thread 0x0000024c6d1a7000 Exception <a 'java/lang/NullPointerException'{0x000000008ef95df0}> (0x000000008ef95df0) thrown at [t:/workspace/hotspot/src/share/vm/interpreter/linkResolver.cpp, line 1311]
Event: 124.712 Thread 0x0000024c6d0a0800 Exception <a 'java/lang/reflect/InvocationTargetException'{0x000000008f859020}> (0x000000008f859020) thrown at [t:/workspace/hotspot/src/share/vm/runtime/reflection.cpp, line 1213]

Events (10 events):
Event: 127.614 Executing VM operation: BulkRevokeBias done
Event: 127.614 Executing VM operation: RevokeBias
Event: 127.614 Executing VM operation: RevokeBias done
Event: 127.615 loading class org/springframework/data/solr/core/mapping/Dynamic
Event: 127.615 loading class org/springframework/data/solr/core/mapping/Dynamic done
Event: 127.616 Executing VM operation: RevokeBias
Event: 127.616 Executing VM operation: RevokeBias done
Event: 127.626 loading class java/math/BigDecimal$StringBuilderHelper
Event: 127.626 loading class java/math/BigDecimal$StringBuilderHelper done
Event: 127.626 Executing VM operation: CollectForMetadataAllocation


Dynamic libraries:
0x00007ff75d2d0000 - 0x00007ff75d30e000 	C:\Java\jdk-9.0.4\bin\java.exe
0x00007ffe48a60000 - 0x00007ffe48c41000 	C:\WINDOWS\SYSTEM32\ntdll.dll
0x00007ffe45ff0000 - 0x00007ffe460a2000 	C:\WINDOWS\System32\KERNEL32.DLL
0x00007ffe45c70000 - 0x00007ffe45ee3000 	C:\WINDOWS\System32\KERNELBASE.dll
0x00007ffe47fe0000 - 0x00007ffe48081000 	C:\WINDOWS\System32\ADVAPI32.dll
0x00007ffe482a0000 - 0x00007ffe4833e000 	C:\WINDOWS\System32\msvcrt.dll
0x00007ffe47f80000 - 0x00007ffe47fdb000 	C:\WINDOWS\System32\sechost.dll
0x00007ffe48170000 - 0x00007ffe48294000 	C:\WINDOWS\System32\RPCRT4.dll
0x00007ffe467f0000 - 0x00007ffe46980000 	C:\WINDOWS\System32\USER32.dll
0x00007ffe45ab0000 - 0x00007ffe45ad0000 	C:\WINDOWS\System32\win32u.dll
0x00007ffe46160000 - 0x00007ffe46188000 	C:\WINDOWS\System32\GDI32.dll
0x00007ffe450a0000 - 0x00007ffe45232000 	C:\WINDOWS\System32\gdi32full.dll
0x00007ffe45ad0000 - 0x00007ffe45b6f000 	C:\WINDOWS\System32\msvcp_win.dll
0x00007ffe45b70000 - 0x00007ffe45c6a000 	C:\WINDOWS\System32\ucrtbase.dll
0x00007ffe352f0000 - 0x00007ffe35559000 	C:\WINDOWS\WinSxS\amd64_microsoft.windows.common-controls_6595b64144ccf1df_6.0.17134.471_none_fb3e9aab3068fc16\COMCTL32.dll
0x00007ffe46190000 - 0x00007ffe464b2000 	C:\WINDOWS\System32\combase.dll
0x00007ffe36860000 - 0x00007ffe3686a000 	C:\WINDOWS\SYSTEM32\VERSION.dll
0x00007ffe44e30000 - 0x00007ffe44eaa000 	C:\WINDOWS\System32\bcryptPrimitives.dll
0x00007ffe46520000 - 0x00007ffe4654d000 	C:\WINDOWS\System32\IMM32.DLL
0x00007ffe15930000 - 0x00007ffe15a1f000 	C:\Java\jdk-9.0.4\bin\msvcr120.dll
0x00007ffe14370000 - 0x00007ffe14416000 	C:\Java\jdk-9.0.4\bin\msvcp120.dll
0x0000000052390000 - 0x0000000052db5000 	C:\Java\jdk-9.0.4\bin\server\jvm.dll
0x00007ffe48a20000 - 0x00007ffe48a28000 	C:\WINDOWS\System32\PSAPI.DLL
0x00007ffe364f0000 - 0x00007ffe364f9000 	C:\WINDOWS\SYSTEM32\WSOCK32.dll
0x00007ffe385b0000 - 0x00007ffe385d3000 	C:\WINDOWS\SYSTEM32\WINMM.dll
0x00007ffe383a0000 - 0x00007ffe383ca000 	C:\WINDOWS\SYSTEM32\winmmbase.dll
0x00007ffe45240000 - 0x00007ffe45289000 	C:\WINDOWS\System32\cfgmgr32.dll
0x00007ffe48810000 - 0x00007ffe4887c000 	C:\WINDOWS\System32\WS2_32.dll
0x00007ffe3f100000 - 0x00007ffe3f10f000 	C:\Java\jdk-9.0.4\bin\verify.dll
0x00007ffe371f0000 - 0x00007ffe37217000 	C:\Java\jdk-9.0.4\bin\java.dll
0x00007ffe37400000 - 0x00007ffe3742a000 	C:\Java\jdk-9.0.4\bin\instrument.dll
0x00007ffe3b0e0000 - 0x00007ffe3b0f6000 	C:\Java\jdk-9.0.4\bin\zip.dll
0x00007ffe3f040000 - 0x00007ffe3f04a000 	C:\Java\jdk-9.0.4\bin\jimage.dll
0x00007ffe46ae0000 - 0x00007ffe47f20000 	C:\WINDOWS\System32\SHELL32.dll
0x00007ffe460b0000 - 0x00007ffe46159000 	C:\WINDOWS\System32\shcore.dll
0x00007ffe453a0000 - 0x00007ffe45aad000 	C:\WINDOWS\System32\windows.storage.dll
0x00007ffe46570000 - 0x00007ffe465c1000 	C:\WINDOWS\System32\shlwapi.dll
0x00007ffe44d80000 - 0x00007ffe44d91000 	C:\WINDOWS\System32\kernel.appcore.dll
0x00007ffe44df0000 - 0x00007ffe44e0f000 	C:\WINDOWS\System32\profapi.dll
0x00007ffe44da0000 - 0x00007ffe44dec000 	C:\WINDOWS\System32\powrprof.dll
0x00007ffe44d70000 - 0x00007ffe44d7a000 	C:\WINDOWS\System32\FLTLIB.DLL
0x00007ffe39150000 - 0x00007ffe3916a000 	C:\Java\jdk-9.0.4\bin\net.dll
0x00007ffe3def0000 - 0x00007ffe3dfcd000 	C:\WINDOWS\SYSTEM32\WINHTTP.dll
0x00007ffe445f0000 - 0x00007ffe44656000 	C:\WINDOWS\system32\mswsock.dll
0x00007ffe37a40000 - 0x00007ffe37a51000 	C:\Java\jdk-9.0.4\bin\nio.dll
0x00007ffe3e800000 - 0x00007ffe3e81a000 	C:\Program Files\JetBrains\IntelliJ IDEA 2017.3.4\bin\breakgen64.dll
0x00007ffe447a0000 - 0x00007ffe447b7000 	C:\WINDOWS\SYSTEM32\CRYPTSP.dll
0x00007ffe441d0000 - 0x00007ffe44203000 	C:\WINDOWS\system32\rsaenh.dll
0x00007ffe448d0000 - 0x00007ffe448f5000 	C:\WINDOWS\SYSTEM32\bcrypt.dll
0x00007ffe44c70000 - 0x00007ffe44c98000 	C:\WINDOWS\SYSTEM32\USERENV.dll
0x00007ffe447c0000 - 0x00007ffe447cb000 	C:\WINDOWS\SYSTEM32\CRYPTBASE.dll
0x00007ffe44370000 - 0x00007ffe443a8000 	C:\WINDOWS\SYSTEM32\IPHLPAPI.DLL
0x00007ffe45ef0000 - 0x00007ffe45ef8000 	C:\WINDOWS\System32\NSI.dll
0x00007ffe3c650000 - 0x00007ffe3c666000 	C:\WINDOWS\SYSTEM32\dhcpcsvc6.DLL
0x00007ffe3c4b0000 - 0x00007ffe3c4ca000 	C:\WINDOWS\SYSTEM32\dhcpcsvc.DLL
0x00007ffe2bca0000 - 0x00007ffe2bcaa000 	C:\Users\28931\AppData\Local\Temp\jansi-1.16-6203602467771013531.dll
0x00007ffe2bb90000 - 0x00007ffe2bb9a000 	C:\Users\28931\AppData\Local\Temp\jansi-1.16-371951792696667226.dll
0x00007ffe3c040000 - 0x00007ffe3c049000 	C:\Java\jdk-9.0.4\bin\management.dll
0x00007ffe3af20000 - 0x00007ffe3af2a000 	C:\Java\jdk-9.0.4\bin\management_ext.dll
0x00007ffe331b0000 - 0x00007ffe331c6000 	C:\WINDOWS\system32\napinsp.dll
0x00007ffe32ec0000 - 0x00007ffe32eda000 	C:\WINDOWS\system32\pnrpnsp.dll
0x00007ffe3d730000 - 0x00007ffe3d749000 	C:\WINDOWS\system32\NLAapi.dll
0x00007ffe443b0000 - 0x00007ffe4446e000 	C:\WINDOWS\SYSTEM32\DNSAPI.dll
0x00007ffe32e90000 - 0x00007ffe32e9e000 	C:\WINDOWS\System32\winrnr.dll
0x00007ffe32e70000 - 0x00007ffe32e85000 	C:\WINDOWS\System32\wshbth.dll
0x00007ffe3b430000 - 0x00007ffe3b43a000 	C:\Windows\System32\rasadhlp.dll
0x00007ffe3b4a0000 - 0x00007ffe3b512000 	C:\WINDOWS\System32\fwpuclnt.dll
0x00007ffe437c0000 - 0x00007ffe43989000 	C:\WINDOWS\SYSTEM32\dbghelp.dll

VM Arguments:
jvm_args: -Dmaven.multiModuleProjectDirectory=D:\IdeaProjects\pyg-parent\pyg-search-web -DarchetypeCatalog=internal -Dmaven.home=D:\Maven\apache-maven-3.5.2 -Dclassworlds.conf=D:\Maven\apache-maven-3.5.2\bin\m2.conf -javaagent:C:\Program Files\JetBrains\IntelliJ IDEA 2017.3.4\lib\idea_rt.jar=59296:C:\Program Files\JetBrains\IntelliJ IDEA 2017.3.4\bin -Dfile.encoding=UTF-8 
java_command: org.codehaus.classworlds.Launcher -Didea.version=2017.3.4 -s D:\Maven\apache-maven-3.5.2\conf\settings.xml -Dmaven.repo.local=D:\Maven\maven_repository org.apache.tomcat.maven:tomcat7-maven-plugin:2.2:run
java_class_path (initial): D:\Maven\apache-maven-3.5.2\boot\plexus-classworlds-2.5.2.jar
Launcher Type: SUN_STANDARD

Logging:
Log output configuration:
#0: stdout all=warning uptime,level,tags
#1: stderr all=off uptime,level,tags

Environment Variables:
JAVA_HOME=C:\Java\jdk-9.0.4
PATH=C:\Java\jdk-9.0.4\bin;C:\Program Files (x86)\Intel\Intel(R) Management Engine Components\iCLS\;C:\Program Files\Intel\Intel(R) Management Engine Components\iCLS\;C:\Windows\system32;C:\Windows;C:\Windows\System32\Wbem;C:\Windows\System32\WindowsPowerShell\v1.0\;C:\Program Files (x86)\Intel\Intel(R) Management Engine Components\DAL;C:\Program Files\Intel\Intel(R) Management Engine Components\DAL;C:\Program Files (x86)\Intel\Intel(R) Management Engine Components\IPT;C:\Program Files\Intel\Intel(R) Management Engine Components\IPT;C:\Program Files (x86)\NVIDIA Corporation\PhysX\Common;C:\WINDOWS\system32;C:\WINDOWS;C:\WINDOWS\System32\Wbem;C:\WINDOWS\System32\WindowsPowerShell\v1.0\;C:\WINDOWS\System32\OpenSSH\;C:\Program Files\MySQL\MySQL Server 5.5\bin;D:\Maven\apache-maven-3.5.2\bin;C:\Program Files\Git\cmd;C:\Program Files\TortoiseGit\bin;C:\Program Files\TortoiseSVN\bin;C:\Users\28931\AppData\Local\Microsoft\WindowsApps;
USERNAME=28931
OS=Windows_NT
PROCESSOR_IDENTIFIER=Intel64 Family 6 Model 142 Stepping 10, GenuineIntel



---------------  S Y S T E M  ---------------

OS: Windows 10 , 64 bit Build 17134 (10.0.17134.1)

CPU:total 8 (initial active 8) (4 cores per cpu, 2 threads per core) family 6 model 142 stepping 10, cmov, cx8, fxsr, mmx, sse, sse2, sse3, ssse3, sse4.1, sse4.2, popcnt, avx, avx2, aes, clmul, erms, 3dnowpref, lzcnt, ht, tsc, tscinvbit, bmi1, bmi2, adx, fma

Memory: 4k page, physical 8283460k(316184k free), swap 21929844k(63704k free)

vm_info: Java HotSpot(TM) 64-Bit Server VM (9.0.4+11) for windows-amd64 JRE (9.0.4+11), built on Dec 20 2017 02:18:54 by "mach5one" with MS VC++ 12.0 (VS2013)

END.
